ARM GAS  /tmp/ccoLgmjT.s 			page 1


   1              		.cpu cortex-m0plus
   2              		.fpu softvfp
   3              		.eabi_attribute 20, 1
   4              		.eabi_attribute 21, 1
   5              		.eabi_attribute 23, 3
   6              		.eabi_attribute 24, 1
   7              		.eabi_attribute 25, 1
   8              		.eabi_attribute 26, 1
   9              		.eabi_attribute 30, 1
  10              		.eabi_attribute 34, 0
  11              		.eabi_attribute 18, 4
  12              		.code	16
  13              		.file	"tim.c"
  14              		.text
  15              	.Ltext0:
  16              		.cfi_sections	.debug_frame
  17              		.section	.text.MX_TIM2_Init,"ax",%progbits
  18              		.align	2
  19              		.global	MX_TIM2_Init
  20              		.code	16
  21              		.thumb_func
  23              	MX_TIM2_Init:
  24              	.LFB36:
  25              		.file 1 "Src/tim.c"
   1:Src/tim.c     **** /**
   2:Src/tim.c     ****   ******************************************************************************
   3:Src/tim.c     ****   * File Name          : TIM.c
   4:Src/tim.c     ****   * Description        : This file provides code for the configuration
   5:Src/tim.c     ****   *                      of the TIM instances.
   6:Src/tim.c     ****   ******************************************************************************
   7:Src/tim.c     ****   ** This notice applies to any and all portions of this file
   8:Src/tim.c     ****   * that are not between comment pairs USER CODE BEGIN and
   9:Src/tim.c     ****   * USER CODE END. Other portions of this file, whether 
  10:Src/tim.c     ****   * inserted by the user or by software development tools
  11:Src/tim.c     ****   * are owned by their respective copyright owners.
  12:Src/tim.c     ****   *
  13:Src/tim.c     ****   * COPYRIGHT(c) 2019 STMicroelectronics
  14:Src/tim.c     ****   *
  15:Src/tim.c     ****   * Redistribution and use in source and binary forms, with or without modification,
  16:Src/tim.c     ****   * are permitted provided that the following conditions are met:
  17:Src/tim.c     ****   *   1. Redistributions of source code must retain the above copyright notice,
  18:Src/tim.c     ****   *      this list of conditions and the following disclaimer.
  19:Src/tim.c     ****   *   2. Redistributions in binary form must reproduce the above copyright notice,
  20:Src/tim.c     ****   *      this list of conditions and the following disclaimer in the documentation
  21:Src/tim.c     ****   *      and/or other materials provided with the distribution.
  22:Src/tim.c     ****   *   3. Neither the name of STMicroelectronics nor the names of its contributors
  23:Src/tim.c     ****   *      may be used to endorse or promote products derived from this software
  24:Src/tim.c     ****   *      without specific prior written permission.
  25:Src/tim.c     ****   *
  26:Src/tim.c     ****   * THIS SOFTWARE IS PROVIDED BY THE COPYRIGHT HOLDERS AND CONTRIBUTORS "AS IS"
  27:Src/tim.c     ****   * AND ANY EXPRESS OR IMPLIED WARRANTIES, INCLUDING, BUT NOT LIMITED TO, THE
  28:Src/tim.c     ****   * IMPLIED WARRANTIES OF MERCHANTABILITY AND FITNESS FOR A PARTICULAR PURPOSE ARE
  29:Src/tim.c     ****   * DISCLAIMED. IN NO EVENT SHALL THE COPYRIGHT HOLDER OR CONTRIBUTORS BE LIABLE
  30:Src/tim.c     ****   * FOR ANY DIRECT, INDIRECT, INCIDENTAL, SPECIAL, EXEMPLARY, OR CONSEQUENTIAL
  31:Src/tim.c     ****   * DAMAGES (INCLUDING, BUT NOT LIMITED TO, PROCUREMENT OF SUBSTITUTE GOODS OR
  32:Src/tim.c     ****   * SERVICES; LOSS OF USE, DATA, OR PROFITS; OR BUSINESS INTERRUPTION) HOWEVER
  33:Src/tim.c     ****   * CAUSED AND ON ANY THEORY OF LIABILITY, WHETHER IN CONTRACT, STRICT LIABILITY,
ARM GAS  /tmp/ccoLgmjT.s 			page 2


  34:Src/tim.c     ****   * OR TORT (INCLUDING NEGLIGENCE OR OTHERWISE) ARISING IN ANY WAY OUT OF THE USE
  35:Src/tim.c     ****   * OF THIS SOFTWARE, EVEN IF ADVISED OF THE POSSIBILITY OF SUCH DAMAGE.
  36:Src/tim.c     ****   *
  37:Src/tim.c     ****   ******************************************************************************
  38:Src/tim.c     ****   */
  39:Src/tim.c     **** 
  40:Src/tim.c     **** /* Includes ------------------------------------------------------------------*/
  41:Src/tim.c     **** #include "tim.h"
  42:Src/tim.c     **** 
  43:Src/tim.c     **** /* USER CODE BEGIN 0 */
  44:Src/tim.c     **** 
  45:Src/tim.c     **** /* USER CODE END 0 */
  46:Src/tim.c     **** 
  47:Src/tim.c     **** TIM_HandleTypeDef htim2;
  48:Src/tim.c     **** 
  49:Src/tim.c     **** /* TIM2 init function */
  50:Src/tim.c     **** void MX_TIM2_Init(void)
  51:Src/tim.c     **** {
  26              		.loc 1 51 0
  27              		.cfi_startproc
  28 0000 00B5     		push	{lr}
  29              	.LCFI0:
  30              		.cfi_def_cfa_offset 4
  31              		.cfi_offset 14, -4
  32 0002 87B0     		sub	sp, sp, #28
  33              	.LCFI1:
  34              		.cfi_def_cfa_offset 32
  52:Src/tim.c     ****   TIM_ClockConfigTypeDef sClockSourceConfig;
  53:Src/tim.c     ****   TIM_MasterConfigTypeDef sMasterConfig;
  54:Src/tim.c     **** 
  55:Src/tim.c     ****   htim2.Instance = TIM2;
  35              		.loc 1 55 0
  36 0004 1648     		ldr	r0, .L5
  37 0006 8023     		mov	r3, #128
  38 0008 DB05     		lsl	r3, r3, #23
  39 000a 0360     		str	r3, [r0]
  56:Src/tim.c     ****   htim2.Init.Prescaler = 0;
  40              		.loc 1 56 0
  41 000c 0023     		mov	r3, #0
  42 000e 4360     		str	r3, [r0, #4]
  57:Src/tim.c     ****   htim2.Init.CounterMode = TIM_COUNTERMODE_UP;
  43              		.loc 1 57 0
  44 0010 8360     		str	r3, [r0, #8]
  58:Src/tim.c     ****   htim2.Init.Period = 0;
  45              		.loc 1 58 0
  46 0012 C360     		str	r3, [r0, #12]
  59:Src/tim.c     ****   htim2.Init.ClockDivision = TIM_CLOCKDIVISION_DIV1;
  47              		.loc 1 59 0
  48 0014 0361     		str	r3, [r0, #16]
  60:Src/tim.c     ****   if (HAL_TIM_Base_Init(&htim2) != HAL_OK)
  49              		.loc 1 60 0
  50 0016 FFF7FEFF 		bl	HAL_TIM_Base_Init
  51              	.LVL0:
  52 001a 0028     		cmp	r0, #0
  53 001c 03D0     		beq	.L2
  61:Src/tim.c     ****   {
  62:Src/tim.c     ****     _Error_Handler(__FILE__, __LINE__);
ARM GAS  /tmp/ccoLgmjT.s 			page 3


  54              		.loc 1 62 0
  55 001e 1148     		ldr	r0, .L5+4
  56 0020 3E21     		mov	r1, #62
  57 0022 FFF7FEFF 		bl	_Error_Handler
  58              	.LVL1:
  59              	.L2:
  63:Src/tim.c     ****   }
  64:Src/tim.c     **** 
  65:Src/tim.c     ****   sClockSourceConfig.ClockSource = TIM_CLOCKSOURCE_INTERNAL;
  60              		.loc 1 65 0
  61 0026 8023     		mov	r3, #128
  62 0028 5B01     		lsl	r3, r3, #5
  63 002a 0293     		str	r3, [sp, #8]
  66:Src/tim.c     ****   if (HAL_TIM_ConfigClockSource(&htim2, &sClockSourceConfig) != HAL_OK)
  64              		.loc 1 66 0
  65 002c 0C48     		ldr	r0, .L5
  66 002e 02A9     		add	r1, sp, #8
  67 0030 FFF7FEFF 		bl	HAL_TIM_ConfigClockSource
  68              	.LVL2:
  69 0034 0028     		cmp	r0, #0
  70 0036 03D0     		beq	.L3
  67:Src/tim.c     ****   {
  68:Src/tim.c     ****     _Error_Handler(__FILE__, __LINE__);
  71              		.loc 1 68 0
  72 0038 0A48     		ldr	r0, .L5+4
  73 003a 4421     		mov	r1, #68
  74 003c FFF7FEFF 		bl	_Error_Handler
  75              	.LVL3:
  76              	.L3:
  69:Src/tim.c     ****   }
  70:Src/tim.c     **** 
  71:Src/tim.c     ****   sMasterConfig.MasterOutputTrigger = TIM_TRGO_RESET;
  77              		.loc 1 71 0
  78 0040 0023     		mov	r3, #0
  79 0042 0093     		str	r3, [sp]
  72:Src/tim.c     ****   sMasterConfig.MasterSlaveMode = TIM_MASTERSLAVEMODE_DISABLE;
  80              		.loc 1 72 0
  81 0044 0193     		str	r3, [sp, #4]
  73:Src/tim.c     ****   if (HAL_TIMEx_MasterConfigSynchronization(&htim2, &sMasterConfig) != HAL_OK)
  82              		.loc 1 73 0
  83 0046 0648     		ldr	r0, .L5
  84 0048 6946     		mov	r1, sp
  85 004a FFF7FEFF 		bl	HAL_TIMEx_MasterConfigSynchronization
  86              	.LVL4:
  87 004e 0028     		cmp	r0, #0
  88 0050 03D0     		beq	.L1
  74:Src/tim.c     ****   {
  75:Src/tim.c     ****     _Error_Handler(__FILE__, __LINE__);
  89              		.loc 1 75 0
  90 0052 0448     		ldr	r0, .L5+4
  91 0054 4B21     		mov	r1, #75
  92 0056 FFF7FEFF 		bl	_Error_Handler
  93              	.LVL5:
  94              	.L1:
  76:Src/tim.c     ****   }
  77:Src/tim.c     **** 
  78:Src/tim.c     **** }
ARM GAS  /tmp/ccoLgmjT.s 			page 4


  95              		.loc 1 78 0
  96 005a 07B0     		add	sp, sp, #28
  97              		@ sp needed
  98 005c 00BD     		pop	{pc}
  99              	.L6:
 100 005e C046     		.align	2
 101              	.L5:
 102 0060 00000000 		.word	htim2
 103 0064 00000000 		.word	.LC1
 104              		.cfi_endproc
 105              	.LFE36:
 107              		.section	.text.HAL_TIM_Base_MspInit,"ax",%progbits
 108              		.align	2
 109              		.global	HAL_TIM_Base_MspInit
 110              		.code	16
 111              		.thumb_func
 113              	HAL_TIM_Base_MspInit:
 114              	.LFB37:
  79:Src/tim.c     **** 
  80:Src/tim.c     **** void HAL_TIM_Base_MspInit(TIM_HandleTypeDef* tim_baseHandle)
  81:Src/tim.c     **** {
 115              		.loc 1 81 0
 116              		.cfi_startproc
 117              	.LVL6:
  82:Src/tim.c     **** 
  83:Src/tim.c     ****   if(tim_baseHandle->Instance==TIM2)
 118              		.loc 1 83 0
 119 0000 0268     		ldr	r2, [r0]
 120 0002 8023     		mov	r3, #128
 121 0004 DB05     		lsl	r3, r3, #23
 122 0006 9A42     		cmp	r2, r3
 123 0008 04D1     		bne	.L7
  84:Src/tim.c     ****   {
  85:Src/tim.c     ****   /* USER CODE BEGIN TIM2_MspInit 0 */
  86:Src/tim.c     **** 
  87:Src/tim.c     ****   /* USER CODE END TIM2_MspInit 0 */
  88:Src/tim.c     ****     /* TIM2 clock enable */
  89:Src/tim.c     ****     __HAL_RCC_TIM2_CLK_ENABLE();
 124              		.loc 1 89 0
 125 000a 034A     		ldr	r2, .L9
 126 000c 916B     		ldr	r1, [r2, #56]
 127 000e 0123     		mov	r3, #1
 128 0010 0B43     		orr	r3, r1
 129 0012 9363     		str	r3, [r2, #56]
 130              	.L7:
  90:Src/tim.c     ****   /* USER CODE BEGIN TIM2_MspInit 1 */
  91:Src/tim.c     **** 
  92:Src/tim.c     ****   /* USER CODE END TIM2_MspInit 1 */
  93:Src/tim.c     ****   }
  94:Src/tim.c     **** }
 131              		.loc 1 94 0
 132              		@ sp needed
 133 0014 7047     		bx	lr
 134              	.L10:
 135 0016 C046     		.align	2
 136              	.L9:
 137 0018 00100240 		.word	1073876992
ARM GAS  /tmp/ccoLgmjT.s 			page 5


 138              		.cfi_endproc
 139              	.LFE37:
 141              		.section	.text.HAL_TIM_Base_MspDeInit,"ax",%progbits
 142              		.align	2
 143              		.global	HAL_TIM_Base_MspDeInit
 144              		.code	16
 145              		.thumb_func
 147              	HAL_TIM_Base_MspDeInit:
 148              	.LFB38:
  95:Src/tim.c     **** 
  96:Src/tim.c     **** void HAL_TIM_Base_MspDeInit(TIM_HandleTypeDef* tim_baseHandle)
  97:Src/tim.c     **** {
 149              		.loc 1 97 0
 150              		.cfi_startproc
 151              	.LVL7:
  98:Src/tim.c     **** 
  99:Src/tim.c     ****   if(tim_baseHandle->Instance==TIM2)
 152              		.loc 1 99 0
 153 0000 0268     		ldr	r2, [r0]
 154 0002 8023     		mov	r3, #128
 155 0004 DB05     		lsl	r3, r3, #23
 156 0006 9A42     		cmp	r2, r3
 157 0008 04D1     		bne	.L11
 100:Src/tim.c     ****   {
 101:Src/tim.c     ****   /* USER CODE BEGIN TIM2_MspDeInit 0 */
 102:Src/tim.c     **** 
 103:Src/tim.c     ****   /* USER CODE END TIM2_MspDeInit 0 */
 104:Src/tim.c     ****     /* Peripheral clock disable */
 105:Src/tim.c     ****     __HAL_RCC_TIM2_CLK_DISABLE();
 158              		.loc 1 105 0
 159 000a 034A     		ldr	r2, .L13
 160 000c 936B     		ldr	r3, [r2, #56]
 161 000e 0121     		mov	r1, #1
 162 0010 8B43     		bic	r3, r1
 163 0012 9363     		str	r3, [r2, #56]
 164              	.L11:
 106:Src/tim.c     ****   /* USER CODE BEGIN TIM2_MspDeInit 1 */
 107:Src/tim.c     **** 
 108:Src/tim.c     ****   /* USER CODE END TIM2_MspDeInit 1 */
 109:Src/tim.c     ****   }
 110:Src/tim.c     **** } 
 165              		.loc 1 110 0
 166              		@ sp needed
 167 0014 7047     		bx	lr
 168              	.L14:
 169 0016 C046     		.align	2
 170              	.L13:
 171 0018 00100240 		.word	1073876992
 172              		.cfi_endproc
 173              	.LFE38:
 175              		.comm	htim2,56,4
 176              		.section	.rodata.str1.4,"aMS",%progbits,1
 177              		.align	2
 178              	.LC1:
 179 0000 5372632F 		.ascii	"Src/tim.c\000"
 179      74696D2E 
 179      6300
ARM GAS  /tmp/ccoLgmjT.s 			page 6


 180              		.text
 181              	.Letext0:
 182              		.file 2 "/usr/include/newlib/machine/_default_types.h"
 183              		.file 3 "/usr/include/newlib/sys/_stdint.h"
 184              		.file 4 "Drivers/CMSIS/Device/ST/STM32L0xx/Include/stm32l071xx.h"
 185              		.file 5 "Drivers/STM32L0xx_HAL_Driver/Inc/stm32l0xx_hal_def.h"
 186              		.file 6 "Drivers/STM32L0xx_HAL_Driver/Inc/stm32l0xx_hal_dma.h"
 187              		.file 7 "Drivers/STM32L0xx_HAL_Driver/Inc/stm32l0xx_hal_tim.h"
 188              		.file 8 "Drivers/STM32L0xx_HAL_Driver/Inc/stm32l0xx_hal_tim_ex.h"
 189              		.file 9 "Inc/tim.h"
ARM GAS  /tmp/ccoLgmjT.s 			page 7


DEFINED SYMBOLS
                            *ABS*:0000000000000000 tim.c
     /tmp/ccoLgmjT.s:18     .text.MX_TIM2_Init:0000000000000000 $t
     /tmp/ccoLgmjT.s:23     .text.MX_TIM2_Init:0000000000000000 MX_TIM2_Init
     /tmp/ccoLgmjT.s:102    .text.MX_TIM2_Init:0000000000000060 $d
                            *COM*:0000000000000038 htim2
     /tmp/ccoLgmjT.s:108    .text.HAL_TIM_Base_MspInit:0000000000000000 $t
     /tmp/ccoLgmjT.s:113    .text.HAL_TIM_Base_MspInit:0000000000000000 HAL_TIM_Base_MspInit
     /tmp/ccoLgmjT.s:137    .text.HAL_TIM_Base_MspInit:0000000000000018 $d
     /tmp/ccoLgmjT.s:142    .text.HAL_TIM_Base_MspDeInit:0000000000000000 $t
     /tmp/ccoLgmjT.s:147    .text.HAL_TIM_Base_MspDeInit:0000000000000000 HAL_TIM_Base_MspDeInit
     /tmp/ccoLgmjT.s:171    .text.HAL_TIM_Base_MspDeInit:0000000000000018 $d
     /tmp/ccoLgmjT.s:177    .rodata.str1.4:0000000000000000 $d
                     .debug_frame:0000000000000010 $d

UNDEFINED SYMBOLS
HAL_TIM_Base_Init
_Error_Handler
HAL_TIM_ConfigClockSource
HAL_TIMEx_MasterConfigSynchronization
