ARM GAS  /tmp/ccTiZiSL.s 			page 1


   1              		.cpu cortex-m0plus
   2              		.fpu softvfp
   3              		.eabi_attribute 20, 1
   4              		.eabi_attribute 21, 1
   5              		.eabi_attribute 23, 3
   6              		.eabi_attribute 24, 1
   7              		.eabi_attribute 25, 1
   8              		.eabi_attribute 26, 1
   9              		.eabi_attribute 30, 1
  10              		.eabi_attribute 34, 0
  11              		.eabi_attribute 18, 4
  12              		.code	16
  13              		.file	"at24c32_object.c"
  14              		.text
  15              	.Ltext0:
  16              		.cfi_sections	.debug_frame
  17              		.section	.text.at24c32_set_i2c_handle,"ax",%progbits
  18              		.align	2
  19              		.global	at24c32_set_i2c_handle
  20              		.code	16
  21              		.thumb_func
  23              	at24c32_set_i2c_handle:
  24              	.LFB36:
  25              		.file 1 "Src/at24c32_object.c"
   1:Src/at24c32_object.c **** #include "main.h"
   2:Src/at24c32_object.c **** #include "at24c32_object.h"
   3:Src/at24c32_object.c **** #include "at24c32_interface.h"
   4:Src/at24c32_object.c **** 
   5:Src/at24c32_object.c **** 
   6:Src/at24c32_object.c **** void at24c32_set_i2c_handle(I2C_HandleTypeDef *handle)
   7:Src/at24c32_object.c **** {
  26              		.loc 1 7 0
  27              		.cfi_startproc
  28              	.LVL0:
   8:Src/at24c32_object.c **** 	at24c32_i2c_handle = handle;
  29              		.loc 1 8 0
  30 0000 014B     		ldr	r3, .L2
  31 0002 1860     		str	r0, [r3]
   9:Src/at24c32_object.c **** }
  32              		.loc 1 9 0
  33              		@ sp needed
  34 0004 7047     		bx	lr
  35              	.L3:
  36 0006 C046     		.align	2
  37              	.L2:
  38 0008 00000000 		.word	.LANCHOR0
  39              		.cfi_endproc
  40              	.LFE36:
  42              		.section	.text.at24c32_write_32,"ax",%progbits
  43              		.align	2
  44              		.global	at24c32_write_32
  45              		.code	16
  46              		.thumb_func
  48              	at24c32_write_32:
  49              	.LFB37:
  10:Src/at24c32_object.c **** 
  11:Src/at24c32_object.c **** void at24c32_write_32(uint16_t address, uint32_t data)
ARM GAS  /tmp/ccTiZiSL.s 			page 2


  12:Src/at24c32_object.c **** {
  50              		.loc 1 12 0
  51              		.cfi_startproc
  52              	.LVL1:
  53 0000 F0B5     		push	{r4, r5, r6, r7, lr}
  54              	.LCFI0:
  55              		.cfi_def_cfa_offset 20
  56              		.cfi_offset 4, -20
  57              		.cfi_offset 5, -16
  58              		.cfi_offset 6, -12
  59              		.cfi_offset 7, -8
  60              		.cfi_offset 14, -4
  61 0002 5F46     		mov	r7, fp
  62 0004 5646     		mov	r6, r10
  63 0006 4D46     		mov	r5, r9
  64 0008 4446     		mov	r4, r8
  65 000a F0B4     		push	{r4, r5, r6, r7}
  66              	.LCFI1:
  67              		.cfi_def_cfa_offset 36
  68              		.cfi_offset 8, -36
  69              		.cfi_offset 9, -32
  70              		.cfi_offset 10, -28
  71              		.cfi_offset 11, -24
  72 000c 87B0     		sub	sp, sp, #28
  73              	.LCFI2:
  74              		.cfi_def_cfa_offset 64
  75 000e 041C     		mov	r4, r0
  13:Src/at24c32_object.c **** 	//
  14:Src/at24c32_object.c **** 	uint8_t b0, b1, b2, b3;
  15:Src/at24c32_object.c **** 	b0 = (uint8_t)(data & 0x000000ff);
  76              		.loc 1 15 0
  77 0010 1723     		mov	r3, #23
  78 0012 6B44     		add	r3, r3, sp
  79 0014 1970     		strb	r1, [r3]
  16:Src/at24c32_object.c **** 	b1 = (uint8_t)((data>>8) & 0x000000ff);
  80              		.loc 1 16 0
  81 0016 0A0A     		lsr	r2, r1, #8
  82 0018 1627     		mov	r7, #22
  83 001a 6F44     		add	r7, r7, sp
  84 001c 3A70     		strb	r2, [r7]
  17:Src/at24c32_object.c **** 	b2 = (uint8_t)((data>>16) & 0x000000ff);
  85              		.loc 1 17 0
  86 001e 0A0C     		lsr	r2, r1, #16
  87 0020 1526     		mov	r6, #21
  88 0022 6E44     		add	r6, r6, sp
  89 0024 3270     		strb	r2, [r6]
  18:Src/at24c32_object.c **** 	b3 = (uint8_t)(data>>24);
  90              		.loc 1 18 0
  91 0026 090E     		lsr	r1, r1, #24
  92              	.LVL2:
  93 0028 05AD     		add	r5, sp, #20
  94 002a 2970     		strb	r1, [r5]
  95              	.LVL3:
  19:Src/at24c32_object.c **** 
  20:Src/at24c32_object.c **** 	int write_delay = 3;
  21:Src/at24c32_object.c **** 
  22:Src/at24c32_object.c **** 	HAL_I2C_Mem_Write(at24c32_i2c_handle, at24c32_shifted_address, address, I2C_MEMADD_SIZE_16BIT, &b0
ARM GAS  /tmp/ccTiZiSL.s 			page 3


  96              		.loc 1 22 0
  97 002c 264A     		ldr	r2, .L5
  98 002e 9346     		mov	fp, r2
  99 0030 1068     		ldr	r0, [r2]
 100              	.LVL4:
 101 0032 264A     		ldr	r2, .L5+4
 102 0034 9246     		mov	r10, r2
 103 0036 1178     		ldrb	r1, [r2]
 104 0038 0093     		str	r3, [sp]
 105 003a 0123     		mov	r3, #1
 106 003c 9946     		mov	r9, r3
 107 003e 0193     		str	r3, [sp, #4]
 108 0040 6333     		add	r3, r3, #99
 109 0042 9846     		mov	r8, r3
 110 0044 0293     		str	r3, [sp, #8]
 111 0046 221C     		mov	r2, r4
 112 0048 623B     		sub	r3, r3, #98
 113 004a FFF7FEFF 		bl	HAL_I2C_Mem_Write
 114              	.LVL5:
  23:Src/at24c32_object.c **** 	HAL_Delay(write_delay);
 115              		.loc 1 23 0
 116 004e 0320     		mov	r0, #3
 117 0050 FFF7FEFF 		bl	HAL_Delay
 118              	.LVL6:
  24:Src/at24c32_object.c **** 	HAL_I2C_Mem_Write(at24c32_i2c_handle, at24c32_shifted_address, address+1, I2C_MEMADD_SIZE_16BIT, &
 119              		.loc 1 24 0
 120 0054 5B46     		mov	r3, fp
 121 0056 1868     		ldr	r0, [r3]
 122 0058 5346     		mov	r3, r10
 123 005a 1978     		ldrb	r1, [r3]
 124 005c 621C     		add	r2, r4, #1
 125 005e 92B2     		uxth	r2, r2
 126 0060 0097     		str	r7, [sp]
 127 0062 4B46     		mov	r3, r9
 128 0064 0193     		str	r3, [sp, #4]
 129 0066 4346     		mov	r3, r8
 130 0068 0293     		str	r3, [sp, #8]
 131 006a 623B     		sub	r3, r3, #98
 132 006c FFF7FEFF 		bl	HAL_I2C_Mem_Write
 133              	.LVL7:
  25:Src/at24c32_object.c **** 	HAL_Delay(write_delay);
 134              		.loc 1 25 0
 135 0070 0320     		mov	r0, #3
 136 0072 FFF7FEFF 		bl	HAL_Delay
 137              	.LVL8:
  26:Src/at24c32_object.c **** 	HAL_I2C_Mem_Write(at24c32_i2c_handle, at24c32_shifted_address, address+2, I2C_MEMADD_SIZE_16BIT, &
 138              		.loc 1 26 0
 139 0076 5B46     		mov	r3, fp
 140 0078 1868     		ldr	r0, [r3]
 141 007a 5346     		mov	r3, r10
 142 007c 1978     		ldrb	r1, [r3]
 143 007e A21C     		add	r2, r4, #2
 144 0080 92B2     		uxth	r2, r2
 145 0082 0096     		str	r6, [sp]
 146 0084 4B46     		mov	r3, r9
 147 0086 0193     		str	r3, [sp, #4]
 148 0088 4346     		mov	r3, r8
ARM GAS  /tmp/ccTiZiSL.s 			page 4


 149 008a 0293     		str	r3, [sp, #8]
 150 008c 623B     		sub	r3, r3, #98
 151 008e FFF7FEFF 		bl	HAL_I2C_Mem_Write
 152              	.LVL9:
  27:Src/at24c32_object.c **** 	HAL_Delay(write_delay);
 153              		.loc 1 27 0
 154 0092 0320     		mov	r0, #3
 155 0094 FFF7FEFF 		bl	HAL_Delay
 156              	.LVL10:
  28:Src/at24c32_object.c **** 	HAL_I2C_Mem_Write(at24c32_i2c_handle, at24c32_shifted_address, address+3, I2C_MEMADD_SIZE_16BIT, &
 157              		.loc 1 28 0
 158 0098 5B46     		mov	r3, fp
 159 009a 1868     		ldr	r0, [r3]
 160 009c 5346     		mov	r3, r10
 161 009e 1978     		ldrb	r1, [r3]
 162 00a0 0334     		add	r4, r4, #3
 163 00a2 A2B2     		uxth	r2, r4
 164 00a4 0095     		str	r5, [sp]
 165 00a6 4B46     		mov	r3, r9
 166 00a8 0193     		str	r3, [sp, #4]
 167 00aa 4346     		mov	r3, r8
 168 00ac 0293     		str	r3, [sp, #8]
 169 00ae 623B     		sub	r3, r3, #98
 170 00b0 FFF7FEFF 		bl	HAL_I2C_Mem_Write
 171              	.LVL11:
  29:Src/at24c32_object.c **** 	HAL_Delay(write_delay);
 172              		.loc 1 29 0
 173 00b4 0320     		mov	r0, #3
 174 00b6 FFF7FEFF 		bl	HAL_Delay
 175              	.LVL12:
  30:Src/at24c32_object.c **** 	
  31:Src/at24c32_object.c **** 
  32:Src/at24c32_object.c **** }
 176              		.loc 1 32 0
 177 00ba 07B0     		add	sp, sp, #28
 178              		@ sp needed
 179 00bc 3CBC     		pop	{r2, r3, r4, r5}
 180 00be 9046     		mov	r8, r2
 181 00c0 9946     		mov	r9, r3
 182 00c2 A246     		mov	r10, r4
 183 00c4 AB46     		mov	fp, r5
 184 00c6 F0BD     		pop	{r4, r5, r6, r7, pc}
 185              	.L6:
 186              		.align	2
 187              	.L5:
 188 00c8 00000000 		.word	.LANCHOR0
 189 00cc 00000000 		.word	.LANCHOR1
 190              		.cfi_endproc
 191              	.LFE37:
 193              		.section	.text.at24c32_read_32,"ax",%progbits
 194              		.align	2
 195              		.global	at24c32_read_32
 196              		.code	16
 197              		.thumb_func
 199              	at24c32_read_32:
 200              	.LFB38:
  33:Src/at24c32_object.c **** 
ARM GAS  /tmp/ccTiZiSL.s 			page 5


  34:Src/at24c32_object.c **** 
  35:Src/at24c32_object.c **** void at24c32_read_32(uint16_t address, uint32_t *data)
  36:Src/at24c32_object.c **** {
 201              		.loc 1 36 0
 202              		.cfi_startproc
 203              	.LVL13:
 204 0000 F0B5     		push	{r4, r5, r6, r7, lr}
 205              	.LCFI3:
 206              		.cfi_def_cfa_offset 20
 207              		.cfi_offset 4, -20
 208              		.cfi_offset 5, -16
 209              		.cfi_offset 6, -12
 210              		.cfi_offset 7, -8
 211              		.cfi_offset 14, -4
 212 0002 5F46     		mov	r7, fp
 213 0004 5646     		mov	r6, r10
 214 0006 4D46     		mov	r5, r9
 215 0008 4446     		mov	r4, r8
 216 000a F0B4     		push	{r4, r5, r6, r7}
 217              	.LCFI4:
 218              		.cfi_def_cfa_offset 36
 219              		.cfi_offset 8, -36
 220              		.cfi_offset 9, -32
 221              		.cfi_offset 10, -28
 222              		.cfi_offset 11, -24
 223 000c 87B0     		sub	sp, sp, #28
 224              	.LCFI5:
 225              		.cfi_def_cfa_offset 64
 226 000e 041C     		mov	r4, r0
 227 0010 8A46     		mov	r10, r1
  37:Src/at24c32_object.c **** 	uint8_t b0, b1, b2, b3;
  38:Src/at24c32_object.c **** 
  39:Src/at24c32_object.c **** 	HAL_I2C_Mem_Read(at24c32_i2c_handle, at24c32_shifted_address, address, I2C_MEMADD_SIZE_16BIT, &b0,
 228              		.loc 1 39 0
 229 0012 294B     		ldr	r3, .L8
 230 0014 9B46     		mov	fp, r3
 231 0016 1868     		ldr	r0, [r3]
 232              	.LVL14:
 233 0018 284B     		ldr	r3, .L8+4
 234 001a 9946     		mov	r9, r3
 235 001c 1978     		ldrb	r1, [r3]
 236              	.LVL15:
 237 001e 1726     		mov	r6, #23
 238 0020 6E44     		add	r6, r6, sp
 239 0022 0096     		str	r6, [sp]
 240 0024 0123     		mov	r3, #1
 241 0026 9846     		mov	r8, r3
 242 0028 0193     		str	r3, [sp, #4]
 243 002a 6425     		mov	r5, #100
 244 002c 0295     		str	r5, [sp, #8]
 245 002e 221C     		mov	r2, r4
 246 0030 0133     		add	r3, r3, #1
 247 0032 FFF7FEFF 		bl	HAL_I2C_Mem_Read
 248              	.LVL16:
  40:Src/at24c32_object.c **** 	HAL_I2C_Mem_Read(at24c32_i2c_handle, at24c32_shifted_address, address+1, I2C_MEMADD_SIZE_16BIT, &b
 249              		.loc 1 40 0
 250 0036 5B46     		mov	r3, fp
ARM GAS  /tmp/ccTiZiSL.s 			page 6


 251 0038 1868     		ldr	r0, [r3]
 252 003a 4B46     		mov	r3, r9
 253 003c 1978     		ldrb	r1, [r3]
 254 003e 621C     		add	r2, r4, #1
 255 0040 92B2     		uxth	r2, r2
 256 0042 1627     		mov	r7, #22
 257 0044 6F44     		add	r7, r7, sp
 258 0046 0097     		str	r7, [sp]
 259 0048 4346     		mov	r3, r8
 260 004a 0193     		str	r3, [sp, #4]
 261 004c 0295     		str	r5, [sp, #8]
 262 004e 0133     		add	r3, r3, #1
 263 0050 FFF7FEFF 		bl	HAL_I2C_Mem_Read
 264              	.LVL17:
  41:Src/at24c32_object.c **** 	HAL_I2C_Mem_Read(at24c32_i2c_handle, at24c32_shifted_address, address+2, I2C_MEMADD_SIZE_16BIT, &b
 265              		.loc 1 41 0
 266 0054 5B46     		mov	r3, fp
 267 0056 1868     		ldr	r0, [r3]
 268 0058 4B46     		mov	r3, r9
 269 005a 1978     		ldrb	r1, [r3]
 270 005c A21C     		add	r2, r4, #2
 271 005e 92B2     		uxth	r2, r2
 272 0060 1523     		mov	r3, #21
 273 0062 6B44     		add	r3, r3, sp
 274 0064 0093     		str	r3, [sp]
 275 0066 4346     		mov	r3, r8
 276 0068 0193     		str	r3, [sp, #4]
 277 006a 0295     		str	r5, [sp, #8]
 278 006c 0133     		add	r3, r3, #1
 279 006e FFF7FEFF 		bl	HAL_I2C_Mem_Read
 280              	.LVL18:
  42:Src/at24c32_object.c **** 	HAL_I2C_Mem_Read(at24c32_i2c_handle, at24c32_shifted_address, address+3, I2C_MEMADD_SIZE_16BIT, &b
 281              		.loc 1 42 0
 282 0072 5B46     		mov	r3, fp
 283 0074 1868     		ldr	r0, [r3]
 284 0076 4B46     		mov	r3, r9
 285 0078 1978     		ldrb	r1, [r3]
 286 007a 0334     		add	r4, r4, #3
 287 007c A2B2     		uxth	r2, r4
 288 007e 05AC     		add	r4, sp, #20
 289 0080 0094     		str	r4, [sp]
 290 0082 4346     		mov	r3, r8
 291 0084 0193     		str	r3, [sp, #4]
 292 0086 0295     		str	r5, [sp, #8]
 293 0088 0133     		add	r3, r3, #1
 294 008a FFF7FEFF 		bl	HAL_I2C_Mem_Read
 295              	.LVL19:
  43:Src/at24c32_object.c **** 
  44:Src/at24c32_object.c **** 	uint32_t return_value = b0 + (((uint32_t)b1)<<8) + (((uint32_t)b2)<<16) + (((uint32_t)b3)<<24);
 296              		.loc 1 44 0
 297 008e 3A78     		ldrb	r2, [r7]
 298 0090 1202     		lsl	r2, r2, #8
 299 0092 3378     		ldrb	r3, [r6]
 300 0094 9A18     		add	r2, r3, r2
 301 0096 6B46     		mov	r3, sp
 302 0098 5B7D     		ldrb	r3, [r3, #21]
 303 009a 1B04     		lsl	r3, r3, #16
ARM GAS  /tmp/ccTiZiSL.s 			page 7


 304 009c D218     		add	r2, r2, r3
 305 009e 2378     		ldrb	r3, [r4]
 306 00a0 1B06     		lsl	r3, r3, #24
 307 00a2 D318     		add	r3, r2, r3
 308              	.LVL20:
  45:Src/at24c32_object.c **** 
  46:Src/at24c32_object.c **** 	*data = return_value;
 309              		.loc 1 46 0
 310 00a4 5246     		mov	r2, r10
 311 00a6 1360     		str	r3, [r2]
  47:Src/at24c32_object.c **** 
  48:Src/at24c32_object.c **** }
 312              		.loc 1 48 0
 313 00a8 07B0     		add	sp, sp, #28
 314              		@ sp needed
 315              	.LVL21:
 316 00aa 3CBC     		pop	{r2, r3, r4, r5}
 317 00ac 9046     		mov	r8, r2
 318 00ae 9946     		mov	r9, r3
 319 00b0 A246     		mov	r10, r4
 320 00b2 AB46     		mov	fp, r5
 321 00b4 F0BD     		pop	{r4, r5, r6, r7, pc}
 322              	.L9:
 323 00b6 C046     		.align	2
 324              	.L8:
 325 00b8 00000000 		.word	.LANCHOR0
 326 00bc 00000000 		.word	.LANCHOR1
 327              		.cfi_endproc
 328              	.LFE38:
 330              		.global	at24c32_shifted_address
 331              		.section	.data.at24c32_shifted_address,"aw",%progbits
 332              		.set	.LANCHOR1,. + 0
 335              	at24c32_shifted_address:
 336 0000 A0       		.byte	-96
 337              		.section	.bss.at24c32_i2c_handle,"aw",%nobits
 338              		.align	2
 339              		.set	.LANCHOR0,. + 0
 342              	at24c32_i2c_handle:
 343 0000 00000000 		.space	4
 344              		.text
 345              	.Letext0:
 346              		.file 2 "/usr/include/newlib/machine/_default_types.h"
 347              		.file 3 "/usr/include/newlib/sys/_stdint.h"
 348              		.file 4 "Drivers/CMSIS/Device/ST/STM32L0xx/Include/stm32l071xx.h"
 349              		.file 5 "Drivers/STM32L0xx_HAL_Driver/Inc/stm32l0xx_hal_def.h"
 350              		.file 6 "Drivers/STM32L0xx_HAL_Driver/Inc/stm32l0xx_hal_dma.h"
 351              		.file 7 "Drivers/STM32L0xx_HAL_Driver/Inc/stm32l0xx_hal_i2c.h"
 352              		.file 8 "Inc/at24c32_object.h"
 353              		.file 9 "Drivers/STM32L0xx_HAL_Driver/Inc/stm32l0xx_hal.h"
ARM GAS  /tmp/ccTiZiSL.s 			page 8


DEFINED SYMBOLS
                            *ABS*:0000000000000000 at24c32_object.c
     /tmp/ccTiZiSL.s:18     .text.at24c32_set_i2c_handle:0000000000000000 $t
     /tmp/ccTiZiSL.s:23     .text.at24c32_set_i2c_handle:0000000000000000 at24c32_set_i2c_handle
     /tmp/ccTiZiSL.s:38     .text.at24c32_set_i2c_handle:0000000000000008 $d
     /tmp/ccTiZiSL.s:43     .text.at24c32_write_32:0000000000000000 $t
     /tmp/ccTiZiSL.s:48     .text.at24c32_write_32:0000000000000000 at24c32_write_32
     /tmp/ccTiZiSL.s:188    .text.at24c32_write_32:00000000000000c8 $d
     /tmp/ccTiZiSL.s:194    .text.at24c32_read_32:0000000000000000 $t
     /tmp/ccTiZiSL.s:199    .text.at24c32_read_32:0000000000000000 at24c32_read_32
     /tmp/ccTiZiSL.s:325    .text.at24c32_read_32:00000000000000b8 $d
     /tmp/ccTiZiSL.s:335    .data.at24c32_shifted_address:0000000000000000 at24c32_shifted_address
     /tmp/ccTiZiSL.s:338    .bss.at24c32_i2c_handle:0000000000000000 $d
     /tmp/ccTiZiSL.s:342    .bss.at24c32_i2c_handle:0000000000000000 at24c32_i2c_handle
                     .debug_frame:0000000000000010 $d

UNDEFINED SYMBOLS
HAL_I2C_Mem_Write
HAL_Delay
HAL_I2C_Mem_Read
