ARM GAS  /tmp/cc5XOq7G.s 			page 1


   1              		.cpu cortex-m0plus
   2              		.fpu softvfp
   3              		.eabi_attribute 20, 1
   4              		.eabi_attribute 21, 1
   5              		.eabi_attribute 23, 3
   6              		.eabi_attribute 24, 1
   7              		.eabi_attribute 25, 1
   8              		.eabi_attribute 26, 1
   9              		.eabi_attribute 30, 1
  10              		.eabi_attribute 34, 0
  11              		.eabi_attribute 18, 4
  12              		.code	16
  13              		.file	"gpio.c"
  14              		.text
  15              	.Ltext0:
  16              		.cfi_sections	.debug_frame
  17              		.section	.text.MX_GPIO_Init,"ax",%progbits
  18              		.align	2
  19              		.global	MX_GPIO_Init
  20              		.code	16
  21              		.thumb_func
  23              	MX_GPIO_Init:
  24              	.LFB36:
  25              		.file 1 "Src/gpio.c"
   1:Src/gpio.c    **** /**
   2:Src/gpio.c    ****   ******************************************************************************
   3:Src/gpio.c    ****   * File Name          : gpio.c
   4:Src/gpio.c    ****   * Description        : This file provides code for the configuration
   5:Src/gpio.c    ****   *                      of all used GPIO pins.
   6:Src/gpio.c    ****   ******************************************************************************
   7:Src/gpio.c    ****   ** This notice applies to any and all portions of this file
   8:Src/gpio.c    ****   * that are not between comment pairs USER CODE BEGIN and
   9:Src/gpio.c    ****   * USER CODE END. Other portions of this file, whether 
  10:Src/gpio.c    ****   * inserted by the user or by software development tools
  11:Src/gpio.c    ****   * are owned by their respective copyright owners.
  12:Src/gpio.c    ****   *
  13:Src/gpio.c    ****   * COPYRIGHT(c) 2019 STMicroelectronics
  14:Src/gpio.c    ****   *
  15:Src/gpio.c    ****   * Redistribution and use in source and binary forms, with or without modification,
  16:Src/gpio.c    ****   * are permitted provided that the following conditions are met:
  17:Src/gpio.c    ****   *   1. Redistributions of source code must retain the above copyright notice,
  18:Src/gpio.c    ****   *      this list of conditions and the following disclaimer.
  19:Src/gpio.c    ****   *   2. Redistributions in binary form must reproduce the above copyright notice,
  20:Src/gpio.c    ****   *      this list of conditions and the following disclaimer in the documentation
  21:Src/gpio.c    ****   *      and/or other materials provided with the distribution.
  22:Src/gpio.c    ****   *   3. Neither the name of STMicroelectronics nor the names of its contributors
  23:Src/gpio.c    ****   *      may be used to endorse or promote products derived from this software
  24:Src/gpio.c    ****   *      without specific prior written permission.
  25:Src/gpio.c    ****   *
  26:Src/gpio.c    ****   * THIS SOFTWARE IS PROVIDED BY THE COPYRIGHT HOLDERS AND CONTRIBUTORS "AS IS"
  27:Src/gpio.c    ****   * AND ANY EXPRESS OR IMPLIED WARRANTIES, INCLUDING, BUT NOT LIMITED TO, THE
  28:Src/gpio.c    ****   * IMPLIED WARRANTIES OF MERCHANTABILITY AND FITNESS FOR A PARTICULAR PURPOSE ARE
  29:Src/gpio.c    ****   * DISCLAIMED. IN NO EVENT SHALL THE COPYRIGHT HOLDER OR CONTRIBUTORS BE LIABLE
  30:Src/gpio.c    ****   * FOR ANY DIRECT, INDIRECT, INCIDENTAL, SPECIAL, EXEMPLARY, OR CONSEQUENTIAL
  31:Src/gpio.c    ****   * DAMAGES (INCLUDING, BUT NOT LIMITED TO, PROCUREMENT OF SUBSTITUTE GOODS OR
  32:Src/gpio.c    ****   * SERVICES; LOSS OF USE, DATA, OR PROFITS; OR BUSINESS INTERRUPTION) HOWEVER
  33:Src/gpio.c    ****   * CAUSED AND ON ANY THEORY OF LIABILITY, WHETHER IN CONTRACT, STRICT LIABILITY,
ARM GAS  /tmp/cc5XOq7G.s 			page 2


  34:Src/gpio.c    ****   * OR TORT (INCLUDING NEGLIGENCE OR OTHERWISE) ARISING IN ANY WAY OUT OF THE USE
  35:Src/gpio.c    ****   * OF THIS SOFTWARE, EVEN IF ADVISED OF THE POSSIBILITY OF SUCH DAMAGE.
  36:Src/gpio.c    ****   *
  37:Src/gpio.c    ****   ******************************************************************************
  38:Src/gpio.c    ****   */
  39:Src/gpio.c    **** 
  40:Src/gpio.c    **** /* Includes ------------------------------------------------------------------*/
  41:Src/gpio.c    **** #include "gpio.h"
  42:Src/gpio.c    **** /* USER CODE BEGIN 0 */
  43:Src/gpio.c    **** 
  44:Src/gpio.c    **** /* USER CODE END 0 */
  45:Src/gpio.c    **** 
  46:Src/gpio.c    **** /*----------------------------------------------------------------------------*/
  47:Src/gpio.c    **** /* Configure GPIO                                                             */
  48:Src/gpio.c    **** /*----------------------------------------------------------------------------*/
  49:Src/gpio.c    **** /* USER CODE BEGIN 1 */
  50:Src/gpio.c    **** 
  51:Src/gpio.c    **** /* USER CODE END 1 */
  52:Src/gpio.c    **** 
  53:Src/gpio.c    **** /** Configure pins as 
  54:Src/gpio.c    ****         * Analog 
  55:Src/gpio.c    ****         * Input 
  56:Src/gpio.c    ****         * Output
  57:Src/gpio.c    ****         * EVENT_OUT
  58:Src/gpio.c    ****         * EXTI
  59:Src/gpio.c    **** */
  60:Src/gpio.c    **** void MX_GPIO_Init(void)
  61:Src/gpio.c    **** {
  26              		.loc 1 61 0
  27              		.cfi_startproc
  28 0000 F0B5     		push	{r4, r5, r6, r7, lr}
  29              	.LCFI0:
  30              		.cfi_def_cfa_offset 20
  31              		.cfi_offset 4, -20
  32              		.cfi_offset 5, -16
  33              		.cfi_offset 6, -12
  34              		.cfi_offset 7, -8
  35              		.cfi_offset 14, -4
  36 0002 89B0     		sub	sp, sp, #36
  37              	.LCFI1:
  38              		.cfi_def_cfa_offset 56
  39              	.LBB2:
  62:Src/gpio.c    **** 
  63:Src/gpio.c    ****   GPIO_InitTypeDef GPIO_InitStruct;
  64:Src/gpio.c    **** 
  65:Src/gpio.c    ****   /* GPIO Ports Clock Enable */
  66:Src/gpio.c    ****   __HAL_RCC_GPIOA_CLK_ENABLE();
  40              		.loc 1 66 0
  41 0004 224B     		ldr	r3, .L2
  42 0006 DA6A     		ldr	r2, [r3, #44]
  43 0008 0125     		mov	r5, #1
  44 000a 2A43     		orr	r2, r5
  45 000c DA62     		str	r2, [r3, #44]
  46 000e DA6A     		ldr	r2, [r3, #44]
  47 0010 2A40     		and	r2, r5
  48 0012 0192     		str	r2, [sp, #4]
  49 0014 019A     		ldr	r2, [sp, #4]
ARM GAS  /tmp/cc5XOq7G.s 			page 3


  50              	.LBE2:
  51              	.LBB3:
  67:Src/gpio.c    ****   __HAL_RCC_GPIOB_CLK_ENABLE();
  52              		.loc 1 67 0
  53 0016 DA6A     		ldr	r2, [r3, #44]
  54 0018 0221     		mov	r1, #2
  55 001a 0A43     		orr	r2, r1
  56 001c DA62     		str	r2, [r3, #44]
  57 001e DB6A     		ldr	r3, [r3, #44]
  58 0020 0B40     		and	r3, r1
  59 0022 0293     		str	r3, [sp, #8]
  60 0024 029B     		ldr	r3, [sp, #8]
  61              	.LBE3:
  68:Src/gpio.c    **** 
  69:Src/gpio.c    ****     GPIO_InitStruct.Pin = spi1_cs_pressure_Pin;
  62              		.loc 1 69 0
  63 0026 1023     		mov	r3, #16
  64 0028 0393     		str	r3, [sp, #12]
  70:Src/gpio.c    ****     GPIO_InitStruct.Mode = GPIO_MODE_OUTPUT_PP;
  65              		.loc 1 70 0
  66 002a 0495     		str	r5, [sp, #16]
  71:Src/gpio.c    ****     GPIO_InitStruct.Pull = GPIO_NOPULL;
  67              		.loc 1 71 0
  68 002c 0024     		mov	r4, #0
  69 002e 0594     		str	r4, [sp, #20]
  72:Src/gpio.c    ****     GPIO_InitStruct.Speed = GPIO_SPEED_FREQ_LOW;
  70              		.loc 1 72 0
  71 0030 0694     		str	r4, [sp, #24]
  73:Src/gpio.c    ****     HAL_GPIO_Init(spi1_cs_pressure_GPIO_Port, &GPIO_InitStruct);
  72              		.loc 1 73 0
  73 0032 A026     		mov	r6, #160
  74 0034 F605     		lsl	r6, r6, #23
  75 0036 301C     		mov	r0, r6
  76 0038 03A9     		add	r1, sp, #12
  77 003a FFF7FEFF 		bl	HAL_GPIO_Init
  78              	.LVL0:
  74:Src/gpio.c    **** 
  75:Src/gpio.c    ****   /*Configure GPIO pin Output Level */
  76:Src/gpio.c    ****   HAL_GPIO_WritePin(GPIOB, led0_Pin|led1_Pin|led2_Pin|led3_Pin, GPIO_PIN_SET);
  79              		.loc 1 76 0
  80 003e 1548     		ldr	r0, .L2+4
  81 0040 0F21     		mov	r1, #15
  82 0042 0122     		mov	r2, #1
  83 0044 FFF7FEFF 		bl	HAL_GPIO_WritePin
  84              	.LVL1:
  77:Src/gpio.c    **** 
  78:Src/gpio.c    ****   /*Configure GPIO pin Output Level */
  79:Src/gpio.c    ****   HAL_GPIO_WritePin(GPIOA, actuator0_Pin|actuator1_Pin, GPIO_PIN_RESET);
  85              		.loc 1 79 0
  86 0048 C027     		mov	r7, #192
  87 004a 7F01     		lsl	r7, r7, #5
  88 004c 301C     		mov	r0, r6
  89 004e 391C     		mov	r1, r7
  90 0050 0022     		mov	r2, #0
  91 0052 FFF7FEFF 		bl	HAL_GPIO_WritePin
  92              	.LVL2:
  80:Src/gpio.c    **** 
ARM GAS  /tmp/cc5XOq7G.s 			page 4


  81:Src/gpio.c    ****   /*Configure GPIO pins : PBPin PBPin PBPin PBPin */
  82:Src/gpio.c    ****   GPIO_InitStruct.Pin = led0_Pin|led1_Pin|led2_Pin|led3_Pin;
  93              		.loc 1 82 0
  94 0056 0F23     		mov	r3, #15
  95 0058 0393     		str	r3, [sp, #12]
  83:Src/gpio.c    ****   GPIO_InitStruct.Mode = GPIO_MODE_OUTPUT_PP;
  96              		.loc 1 83 0
  97 005a 0495     		str	r5, [sp, #16]
  84:Src/gpio.c    ****   GPIO_InitStruct.Pull = GPIO_NOPULL;
  98              		.loc 1 84 0
  99 005c 0594     		str	r4, [sp, #20]
  85:Src/gpio.c    ****   GPIO_InitStruct.Speed = GPIO_SPEED_FREQ_LOW;
 100              		.loc 1 85 0
 101 005e 0694     		str	r4, [sp, #24]
  86:Src/gpio.c    ****   HAL_GPIO_Init(GPIOB, &GPIO_InitStruct);
 102              		.loc 1 86 0
 103 0060 0C48     		ldr	r0, .L2+4
 104 0062 03A9     		add	r1, sp, #12
 105 0064 FFF7FEFF 		bl	HAL_GPIO_Init
 106              	.LVL3:
  87:Src/gpio.c    **** 
  88:Src/gpio.c    ****   /*Configure GPIO pins : PAPin PAPin */
  89:Src/gpio.c    ****   GPIO_InitStruct.Pin = btn0_Pin|btn1_Pin;
 107              		.loc 1 89 0
 108 0068 C023     		mov	r3, #192
 109 006a DB00     		lsl	r3, r3, #3
 110 006c 0393     		str	r3, [sp, #12]
  90:Src/gpio.c    ****   GPIO_InitStruct.Mode = GPIO_MODE_INPUT;
 111              		.loc 1 90 0
 112 006e 0494     		str	r4, [sp, #16]
  91:Src/gpio.c    ****   GPIO_InitStruct.Pull = GPIO_NOPULL;
 113              		.loc 1 91 0
 114 0070 0594     		str	r4, [sp, #20]
  92:Src/gpio.c    ****   HAL_GPIO_Init(GPIOA, &GPIO_InitStruct);
 115              		.loc 1 92 0
 116 0072 301C     		mov	r0, r6
 117 0074 03A9     		add	r1, sp, #12
 118 0076 FFF7FEFF 		bl	HAL_GPIO_Init
 119              	.LVL4:
  93:Src/gpio.c    **** 
  94:Src/gpio.c    ****   /*Configure GPIO pins : PAPin PAPin */
  95:Src/gpio.c    ****   GPIO_InitStruct.Pin = actuator0_Pin|actuator1_Pin;
 120              		.loc 1 95 0
 121 007a 0397     		str	r7, [sp, #12]
  96:Src/gpio.c    ****   GPIO_InitStruct.Mode = GPIO_MODE_OUTPUT_PP;
 122              		.loc 1 96 0
 123 007c 0495     		str	r5, [sp, #16]
  97:Src/gpio.c    ****   GPIO_InitStruct.Pull = GPIO_NOPULL;
 124              		.loc 1 97 0
 125 007e 0594     		str	r4, [sp, #20]
  98:Src/gpio.c    ****   GPIO_InitStruct.Speed = GPIO_SPEED_FREQ_LOW;
 126              		.loc 1 98 0
 127 0080 0694     		str	r4, [sp, #24]
  99:Src/gpio.c    ****   HAL_GPIO_Init(GPIOA, &GPIO_InitStruct);
 128              		.loc 1 99 0
 129 0082 301C     		mov	r0, r6
 130 0084 03A9     		add	r1, sp, #12
ARM GAS  /tmp/cc5XOq7G.s 			page 5


 131 0086 FFF7FEFF 		bl	HAL_GPIO_Init
 132              	.LVL5:
 100:Src/gpio.c    **** 
 101:Src/gpio.c    **** }
 133              		.loc 1 101 0
 134 008a 09B0     		add	sp, sp, #36
 135              		@ sp needed
 136 008c F0BD     		pop	{r4, r5, r6, r7, pc}
 137              	.L3:
 138 008e C046     		.align	2
 139              	.L2:
 140 0090 00100240 		.word	1073876992
 141 0094 00040050 		.word	1342178304
 142              		.cfi_endproc
 143              	.LFE36:
 145              		.text
 146              	.Letext0:
 147              		.file 2 "/usr/include/newlib/machine/_default_types.h"
 148              		.file 3 "/usr/include/newlib/sys/_stdint.h"
 149              		.file 4 "Drivers/CMSIS/Device/ST/STM32L0xx/Include/stm32l071xx.h"
 150              		.file 5 "Drivers/STM32L0xx_HAL_Driver/Inc/stm32l0xx_hal_gpio.h"
ARM GAS  /tmp/cc5XOq7G.s 			page 6


DEFINED SYMBOLS
                            *ABS*:0000000000000000 gpio.c
     /tmp/cc5XOq7G.s:18     .text.MX_GPIO_Init:0000000000000000 $t
     /tmp/cc5XOq7G.s:23     .text.MX_GPIO_Init:0000000000000000 MX_GPIO_Init
     /tmp/cc5XOq7G.s:140    .text.MX_GPIO_Init:0000000000000090 $d
                     .debug_frame:0000000000000010 $d

UNDEFINED SYMBOLS
HAL_GPIO_Init
HAL_GPIO_WritePin
