ARM GAS  /tmp/ccHqAEYS.s 			page 1


   1              		.cpu cortex-m0plus
   2              		.fpu softvfp
   3              		.eabi_attribute 20, 1
   4              		.eabi_attribute 21, 1
   5              		.eabi_attribute 23, 3
   6              		.eabi_attribute 24, 1
   7              		.eabi_attribute 25, 1
   8              		.eabi_attribute 26, 1
   9              		.eabi_attribute 30, 1
  10              		.eabi_attribute 34, 0
  11              		.eabi_attribute 18, 4
  12              		.code	16
  13              		.file	"stm32l0xx_hal_adc_ex.c"
  14              		.text
  15              	.Ltext0:
  16              		.cfi_sections	.debug_frame
  17              		.section	.text.HAL_ADCEx_Calibration_Start,"ax",%progbits
  18              		.align	2
  19              		.global	HAL_ADCEx_Calibration_Start
  20              		.code	16
  21              		.thumb_func
  23              	HAL_ADCEx_Calibration_Start:
  24              	.LFB36:
  25              		.file 1 "Drivers/STM32L0xx_HAL_Driver/Src/stm32l0xx_hal_adc_ex.c"
   1:Drivers/STM32L0xx_HAL_Driver/Src/stm32l0xx_hal_adc_ex.c **** /**
   2:Drivers/STM32L0xx_HAL_Driver/Src/stm32l0xx_hal_adc_ex.c ****   ******************************************************************************
   3:Drivers/STM32L0xx_HAL_Driver/Src/stm32l0xx_hal_adc_ex.c ****   * @file    stm32l0xx_hal_adc_ex.c
   4:Drivers/STM32L0xx_HAL_Driver/Src/stm32l0xx_hal_adc_ex.c ****   * @author  MCD Application Team
   5:Drivers/STM32L0xx_HAL_Driver/Src/stm32l0xx_hal_adc_ex.c ****   * @brief   This file provides firmware functions to manage the following 
   6:Drivers/STM32L0xx_HAL_Driver/Src/stm32l0xx_hal_adc_ex.c ****   *          functionalities of the Analog to Digital Convertor (ADC)
   7:Drivers/STM32L0xx_HAL_Driver/Src/stm32l0xx_hal_adc_ex.c ****   *          peripheral:
   8:Drivers/STM32L0xx_HAL_Driver/Src/stm32l0xx_hal_adc_ex.c ****   *           + Operation functions
   9:Drivers/STM32L0xx_HAL_Driver/Src/stm32l0xx_hal_adc_ex.c ****   *             ++ Calibration
  10:Drivers/STM32L0xx_HAL_Driver/Src/stm32l0xx_hal_adc_ex.c ****   *               +++ ADC automatic self-calibration
  11:Drivers/STM32L0xx_HAL_Driver/Src/stm32l0xx_hal_adc_ex.c ****   *               +++ Calibration factors get or set
  12:Drivers/STM32L0xx_HAL_Driver/Src/stm32l0xx_hal_adc_ex.c ****   *          Other functions (generic functions) are available in file 
  13:Drivers/STM32L0xx_HAL_Driver/Src/stm32l0xx_hal_adc_ex.c ****   *          "stm32l0xx_hal_adc.c".
  14:Drivers/STM32L0xx_HAL_Driver/Src/stm32l0xx_hal_adc_ex.c ****   *
  15:Drivers/STM32L0xx_HAL_Driver/Src/stm32l0xx_hal_adc_ex.c ****   @verbatim
  16:Drivers/STM32L0xx_HAL_Driver/Src/stm32l0xx_hal_adc_ex.c ****   [..] 
  17:Drivers/STM32L0xx_HAL_Driver/Src/stm32l0xx_hal_adc_ex.c ****   (@) Sections "ADC peripheral features" and "How to use this driver" are
  18:Drivers/STM32L0xx_HAL_Driver/Src/stm32l0xx_hal_adc_ex.c ****       available in file of generic functions "stm32l0xx_hal_adc.c".
  19:Drivers/STM32L0xx_HAL_Driver/Src/stm32l0xx_hal_adc_ex.c ****   [..]
  20:Drivers/STM32L0xx_HAL_Driver/Src/stm32l0xx_hal_adc_ex.c ****   @endverbatim
  21:Drivers/STM32L0xx_HAL_Driver/Src/stm32l0xx_hal_adc_ex.c ****   ******************************************************************************
  22:Drivers/STM32L0xx_HAL_Driver/Src/stm32l0xx_hal_adc_ex.c ****   * @attention
  23:Drivers/STM32L0xx_HAL_Driver/Src/stm32l0xx_hal_adc_ex.c ****   *
  24:Drivers/STM32L0xx_HAL_Driver/Src/stm32l0xx_hal_adc_ex.c ****   * <h2><center>&copy; COPYRIGHT(c) 2016 STMicroelectronics</center></h2>
  25:Drivers/STM32L0xx_HAL_Driver/Src/stm32l0xx_hal_adc_ex.c ****   *
  26:Drivers/STM32L0xx_HAL_Driver/Src/stm32l0xx_hal_adc_ex.c ****   * Redistribution and use in source and binary forms, with or without modification,
  27:Drivers/STM32L0xx_HAL_Driver/Src/stm32l0xx_hal_adc_ex.c ****   * are permitted provided that the following conditions are met:
  28:Drivers/STM32L0xx_HAL_Driver/Src/stm32l0xx_hal_adc_ex.c ****   *   1. Redistributions of source code must retain the above copyright notice,
  29:Drivers/STM32L0xx_HAL_Driver/Src/stm32l0xx_hal_adc_ex.c ****   *      this list of conditions and the following disclaimer.
  30:Drivers/STM32L0xx_HAL_Driver/Src/stm32l0xx_hal_adc_ex.c ****   *   2. Redistributions in binary form must reproduce the above copyright notice,
  31:Drivers/STM32L0xx_HAL_Driver/Src/stm32l0xx_hal_adc_ex.c ****   *      this list of conditions and the following disclaimer in the documentation
  32:Drivers/STM32L0xx_HAL_Driver/Src/stm32l0xx_hal_adc_ex.c ****   *      and/or other materials provided with the distribution.
  33:Drivers/STM32L0xx_HAL_Driver/Src/stm32l0xx_hal_adc_ex.c ****   *   3. Neither the name of STMicroelectronics nor the names of its contributors
ARM GAS  /tmp/ccHqAEYS.s 			page 2


  34:Drivers/STM32L0xx_HAL_Driver/Src/stm32l0xx_hal_adc_ex.c ****   *      may be used to endorse or promote products derived from this software
  35:Drivers/STM32L0xx_HAL_Driver/Src/stm32l0xx_hal_adc_ex.c ****   *      without specific prior written permission.
  36:Drivers/STM32L0xx_HAL_Driver/Src/stm32l0xx_hal_adc_ex.c ****   *
  37:Drivers/STM32L0xx_HAL_Driver/Src/stm32l0xx_hal_adc_ex.c ****   * THIS SOFTWARE IS PROVIDED BY THE COPYRIGHT HOLDERS AND CONTRIBUTORS "AS IS"
  38:Drivers/STM32L0xx_HAL_Driver/Src/stm32l0xx_hal_adc_ex.c ****   * AND ANY EXPRESS OR IMPLIED WARRANTIES, INCLUDING, BUT NOT LIMITED TO, THE
  39:Drivers/STM32L0xx_HAL_Driver/Src/stm32l0xx_hal_adc_ex.c ****   * IMPLIED WARRANTIES OF MERCHANTABILITY AND FITNESS FOR A PARTICULAR PURPOSE ARE
  40:Drivers/STM32L0xx_HAL_Driver/Src/stm32l0xx_hal_adc_ex.c ****   * DISCLAIMED. IN NO EVENT SHALL THE COPYRIGHT HOLDER OR CONTRIBUTORS BE LIABLE
  41:Drivers/STM32L0xx_HAL_Driver/Src/stm32l0xx_hal_adc_ex.c ****   * FOR ANY DIRECT, INDIRECT, INCIDENTAL, SPECIAL, EXEMPLARY, OR CONSEQUENTIAL
  42:Drivers/STM32L0xx_HAL_Driver/Src/stm32l0xx_hal_adc_ex.c ****   * DAMAGES (INCLUDING, BUT NOT LIMITED TO, PROCUREMENT OF SUBSTITUTE GOODS OR
  43:Drivers/STM32L0xx_HAL_Driver/Src/stm32l0xx_hal_adc_ex.c ****   * SERVICES; LOSS OF USE, DATA, OR PROFITS; OR BUSINESS INTERRUPTION) HOWEVER
  44:Drivers/STM32L0xx_HAL_Driver/Src/stm32l0xx_hal_adc_ex.c ****   * CAUSED AND ON ANY THEORY OF LIABILITY, WHETHER IN CONTRACT, STRICT LIABILITY,
  45:Drivers/STM32L0xx_HAL_Driver/Src/stm32l0xx_hal_adc_ex.c ****   * OR TORT (INCLUDING NEGLIGENCE OR OTHERWISE) ARISING IN ANY WAY OUT OF THE USE
  46:Drivers/STM32L0xx_HAL_Driver/Src/stm32l0xx_hal_adc_ex.c ****   * OF THIS SOFTWARE, EVEN IF ADVISED OF THE POSSIBILITY OF SUCH DAMAGE.
  47:Drivers/STM32L0xx_HAL_Driver/Src/stm32l0xx_hal_adc_ex.c ****   *
  48:Drivers/STM32L0xx_HAL_Driver/Src/stm32l0xx_hal_adc_ex.c ****   ******************************************************************************
  49:Drivers/STM32L0xx_HAL_Driver/Src/stm32l0xx_hal_adc_ex.c ****   */
  50:Drivers/STM32L0xx_HAL_Driver/Src/stm32l0xx_hal_adc_ex.c **** 
  51:Drivers/STM32L0xx_HAL_Driver/Src/stm32l0xx_hal_adc_ex.c **** /* Includes ------------------------------------------------------------------*/
  52:Drivers/STM32L0xx_HAL_Driver/Src/stm32l0xx_hal_adc_ex.c **** #include "stm32l0xx_hal.h"
  53:Drivers/STM32L0xx_HAL_Driver/Src/stm32l0xx_hal_adc_ex.c **** 
  54:Drivers/STM32L0xx_HAL_Driver/Src/stm32l0xx_hal_adc_ex.c **** /** @addtogroup STM32L0xx_HAL_Driver
  55:Drivers/STM32L0xx_HAL_Driver/Src/stm32l0xx_hal_adc_ex.c ****   * @{
  56:Drivers/STM32L0xx_HAL_Driver/Src/stm32l0xx_hal_adc_ex.c ****   */
  57:Drivers/STM32L0xx_HAL_Driver/Src/stm32l0xx_hal_adc_ex.c **** 
  58:Drivers/STM32L0xx_HAL_Driver/Src/stm32l0xx_hal_adc_ex.c **** /** @defgroup ADCEx ADCEx
  59:Drivers/STM32L0xx_HAL_Driver/Src/stm32l0xx_hal_adc_ex.c ****   * @brief ADC Extended HAL module driver
  60:Drivers/STM32L0xx_HAL_Driver/Src/stm32l0xx_hal_adc_ex.c ****   * @{
  61:Drivers/STM32L0xx_HAL_Driver/Src/stm32l0xx_hal_adc_ex.c ****   */
  62:Drivers/STM32L0xx_HAL_Driver/Src/stm32l0xx_hal_adc_ex.c **** 
  63:Drivers/STM32L0xx_HAL_Driver/Src/stm32l0xx_hal_adc_ex.c **** #ifdef HAL_ADC_MODULE_ENABLED
  64:Drivers/STM32L0xx_HAL_Driver/Src/stm32l0xx_hal_adc_ex.c **** 
  65:Drivers/STM32L0xx_HAL_Driver/Src/stm32l0xx_hal_adc_ex.c **** /* Private typedef -----------------------------------------------------------*/
  66:Drivers/STM32L0xx_HAL_Driver/Src/stm32l0xx_hal_adc_ex.c **** /* Private define ------------------------------------------------------------*/
  67:Drivers/STM32L0xx_HAL_Driver/Src/stm32l0xx_hal_adc_ex.c **** 
  68:Drivers/STM32L0xx_HAL_Driver/Src/stm32l0xx_hal_adc_ex.c **** /** @defgroup ADCEx_Private_Constants ADC Extended Private Constants
  69:Drivers/STM32L0xx_HAL_Driver/Src/stm32l0xx_hal_adc_ex.c ****   * @{
  70:Drivers/STM32L0xx_HAL_Driver/Src/stm32l0xx_hal_adc_ex.c ****   */
  71:Drivers/STM32L0xx_HAL_Driver/Src/stm32l0xx_hal_adc_ex.c **** 
  72:Drivers/STM32L0xx_HAL_Driver/Src/stm32l0xx_hal_adc_ex.c ****   /* Fixed timeout values for ADC calibration, enable settling time, disable  */
  73:Drivers/STM32L0xx_HAL_Driver/Src/stm32l0xx_hal_adc_ex.c ****   /* settling time.                                                           */
  74:Drivers/STM32L0xx_HAL_Driver/Src/stm32l0xx_hal_adc_ex.c ****   /* Values defined to be higher than worst cases: low clock frequency,       */
  75:Drivers/STM32L0xx_HAL_Driver/Src/stm32l0xx_hal_adc_ex.c ****   /* maximum prescaler.                                                       */
  76:Drivers/STM32L0xx_HAL_Driver/Src/stm32l0xx_hal_adc_ex.c ****   /* Unit: ms                                                                 */
  77:Drivers/STM32L0xx_HAL_Driver/Src/stm32l0xx_hal_adc_ex.c ****   #define ADC_CALIBRATION_TIMEOUT      10U      
  78:Drivers/STM32L0xx_HAL_Driver/Src/stm32l0xx_hal_adc_ex.c **** 
  79:Drivers/STM32L0xx_HAL_Driver/Src/stm32l0xx_hal_adc_ex.c **** /* Delay for VREFINT stabilization time. */
  80:Drivers/STM32L0xx_HAL_Driver/Src/stm32l0xx_hal_adc_ex.c **** /* Internal reference startup time max value is 3ms  (refer to device datasheet, parameter TVREFINT
  81:Drivers/STM32L0xx_HAL_Driver/Src/stm32l0xx_hal_adc_ex.c **** /* Unit: ms */
  82:Drivers/STM32L0xx_HAL_Driver/Src/stm32l0xx_hal_adc_ex.c **** #define SYSCFG_BUF_VREFINT_ENABLE_TIMEOUT       ((uint32_t) 3U)
  83:Drivers/STM32L0xx_HAL_Driver/Src/stm32l0xx_hal_adc_ex.c **** 
  84:Drivers/STM32L0xx_HAL_Driver/Src/stm32l0xx_hal_adc_ex.c **** /* Delay for TEMPSENSOR stabilization time. */
  85:Drivers/STM32L0xx_HAL_Driver/Src/stm32l0xx_hal_adc_ex.c **** /* Temperature sensor startup time max value is 10us  (refer to device datasheet, parameter tSTART)
  86:Drivers/STM32L0xx_HAL_Driver/Src/stm32l0xx_hal_adc_ex.c **** /* Unit: ms */
  87:Drivers/STM32L0xx_HAL_Driver/Src/stm32l0xx_hal_adc_ex.c **** #define SYSCFG_BUF_TEMPSENSOR_ENABLE_TIMEOUT    ((uint32_t) 1U)
  88:Drivers/STM32L0xx_HAL_Driver/Src/stm32l0xx_hal_adc_ex.c **** 
  89:Drivers/STM32L0xx_HAL_Driver/Src/stm32l0xx_hal_adc_ex.c **** /* Private macro -------------------------------------------------------------*/
  90:Drivers/STM32L0xx_HAL_Driver/Src/stm32l0xx_hal_adc_ex.c **** /* Private variables ---------------------------------------------------------*/
ARM GAS  /tmp/ccHqAEYS.s 			page 3


  91:Drivers/STM32L0xx_HAL_Driver/Src/stm32l0xx_hal_adc_ex.c **** /* Private function prototypes -----------------------------------------------*/
  92:Drivers/STM32L0xx_HAL_Driver/Src/stm32l0xx_hal_adc_ex.c **** /* Exported functions --------------------------------------------------------*/
  93:Drivers/STM32L0xx_HAL_Driver/Src/stm32l0xx_hal_adc_ex.c **** 
  94:Drivers/STM32L0xx_HAL_Driver/Src/stm32l0xx_hal_adc_ex.c **** /** @defgroup ADCEx_Exported_Functions ADC Extended Exported Functions
  95:Drivers/STM32L0xx_HAL_Driver/Src/stm32l0xx_hal_adc_ex.c ****   * @{
  96:Drivers/STM32L0xx_HAL_Driver/Src/stm32l0xx_hal_adc_ex.c ****   */
  97:Drivers/STM32L0xx_HAL_Driver/Src/stm32l0xx_hal_adc_ex.c **** 
  98:Drivers/STM32L0xx_HAL_Driver/Src/stm32l0xx_hal_adc_ex.c **** /** @defgroup ADCEx_Exported_Functions_Group1 Extended Input and Output operation functions
  99:Drivers/STM32L0xx_HAL_Driver/Src/stm32l0xx_hal_adc_ex.c ****   * @brief    Extended IO operation functions
 100:Drivers/STM32L0xx_HAL_Driver/Src/stm32l0xx_hal_adc_ex.c ****   *
 101:Drivers/STM32L0xx_HAL_Driver/Src/stm32l0xx_hal_adc_ex.c **** @verbatim
 102:Drivers/STM32L0xx_HAL_Driver/Src/stm32l0xx_hal_adc_ex.c ****  ===============================================================================
 103:Drivers/STM32L0xx_HAL_Driver/Src/stm32l0xx_hal_adc_ex.c ****                       ##### IO operation functions #####
 104:Drivers/STM32L0xx_HAL_Driver/Src/stm32l0xx_hal_adc_ex.c ****  ===============================================================================
 105:Drivers/STM32L0xx_HAL_Driver/Src/stm32l0xx_hal_adc_ex.c ****     [..]  This section provides functions allowing to:
 106:Drivers/STM32L0xx_HAL_Driver/Src/stm32l0xx_hal_adc_ex.c ****       (+) Perform the ADC calibration.
 107:Drivers/STM32L0xx_HAL_Driver/Src/stm32l0xx_hal_adc_ex.c **** @endverbatim
 108:Drivers/STM32L0xx_HAL_Driver/Src/stm32l0xx_hal_adc_ex.c ****   * @{
 109:Drivers/STM32L0xx_HAL_Driver/Src/stm32l0xx_hal_adc_ex.c ****   */
 110:Drivers/STM32L0xx_HAL_Driver/Src/stm32l0xx_hal_adc_ex.c **** 
 111:Drivers/STM32L0xx_HAL_Driver/Src/stm32l0xx_hal_adc_ex.c **** /**
 112:Drivers/STM32L0xx_HAL_Driver/Src/stm32l0xx_hal_adc_ex.c ****   * @brief  Perform an ADC automatic self-calibration
 113:Drivers/STM32L0xx_HAL_Driver/Src/stm32l0xx_hal_adc_ex.c ****   *         Calibration prerequisite: ADC must be disabled (execute this
 114:Drivers/STM32L0xx_HAL_Driver/Src/stm32l0xx_hal_adc_ex.c ****   *         function before HAL_ADC_Start() or after HAL_ADC_Stop() ).
 115:Drivers/STM32L0xx_HAL_Driver/Src/stm32l0xx_hal_adc_ex.c ****   * @note   Calibration factor can be read after calibration, using function
 116:Drivers/STM32L0xx_HAL_Driver/Src/stm32l0xx_hal_adc_ex.c ****   *         HAL_ADC_GetValue() (value on 7 bits: from DR[6;0]).
 117:Drivers/STM32L0xx_HAL_Driver/Src/stm32l0xx_hal_adc_ex.c ****   * @param  hadc       ADC handle
 118:Drivers/STM32L0xx_HAL_Driver/Src/stm32l0xx_hal_adc_ex.c ****   * @param  SingleDiff: Selection of single-ended or differential input
 119:Drivers/STM32L0xx_HAL_Driver/Src/stm32l0xx_hal_adc_ex.c ****   *          This parameter can be only of the following values:
 120:Drivers/STM32L0xx_HAL_Driver/Src/stm32l0xx_hal_adc_ex.c ****   *            @arg ADC_SINGLE_ENDED: Channel in mode input single ended
 121:Drivers/STM32L0xx_HAL_Driver/Src/stm32l0xx_hal_adc_ex.c ****   * @retval HAL status
 122:Drivers/STM32L0xx_HAL_Driver/Src/stm32l0xx_hal_adc_ex.c ****   */
 123:Drivers/STM32L0xx_HAL_Driver/Src/stm32l0xx_hal_adc_ex.c **** HAL_StatusTypeDef HAL_ADCEx_Calibration_Start(ADC_HandleTypeDef* hadc, uint32_t SingleDiff)
 124:Drivers/STM32L0xx_HAL_Driver/Src/stm32l0xx_hal_adc_ex.c **** {
  26              		.loc 1 124 0
  27              		.cfi_startproc
  28              	.LVL0:
  29 0000 70B5     		push	{r4, r5, r6, lr}
  30              	.LCFI0:
  31              		.cfi_def_cfa_offset 16
  32              		.cfi_offset 4, -16
  33              		.cfi_offset 5, -12
  34              		.cfi_offset 6, -8
  35              		.cfi_offset 14, -4
  36              	.LVL1:
 125:Drivers/STM32L0xx_HAL_Driver/Src/stm32l0xx_hal_adc_ex.c ****   HAL_StatusTypeDef tmp_hal_status = HAL_OK;
 126:Drivers/STM32L0xx_HAL_Driver/Src/stm32l0xx_hal_adc_ex.c ****   uint32_t tickstart = 0U;
 127:Drivers/STM32L0xx_HAL_Driver/Src/stm32l0xx_hal_adc_ex.c ****   uint32_t backup_setting_adc_dma_transfer = 0U; /* Note: Variable not declared as volatile because
 128:Drivers/STM32L0xx_HAL_Driver/Src/stm32l0xx_hal_adc_ex.c ****   
 129:Drivers/STM32L0xx_HAL_Driver/Src/stm32l0xx_hal_adc_ex.c ****   /* Check the parameters */
 130:Drivers/STM32L0xx_HAL_Driver/Src/stm32l0xx_hal_adc_ex.c ****   assert_param(IS_ADC_ALL_INSTANCE(hadc->Instance));
 131:Drivers/STM32L0xx_HAL_Driver/Src/stm32l0xx_hal_adc_ex.c **** 
 132:Drivers/STM32L0xx_HAL_Driver/Src/stm32l0xx_hal_adc_ex.c ****   /* Process locked */
 133:Drivers/STM32L0xx_HAL_Driver/Src/stm32l0xx_hal_adc_ex.c ****   __HAL_LOCK(hadc);
  37              		.loc 1 133 0
  38 0002 5423     		mov	r3, #84
  39 0004 C35C     		ldrb	r3, [r0, r3]
ARM GAS  /tmp/ccHqAEYS.s 			page 4


  40 0006 012B     		cmp	r3, #1
  41 0008 51D0     		beq	.L8
  42              		.loc 1 133 0 is_stmt 0 discriminator 2
  43 000a 0122     		mov	r2, #1
  44 000c 5423     		mov	r3, #84
  45 000e C254     		strb	r2, [r0, r3]
 134:Drivers/STM32L0xx_HAL_Driver/Src/stm32l0xx_hal_adc_ex.c ****   
 135:Drivers/STM32L0xx_HAL_Driver/Src/stm32l0xx_hal_adc_ex.c ****   /* Calibration prerequisite: ADC must be disabled. */
 136:Drivers/STM32L0xx_HAL_Driver/Src/stm32l0xx_hal_adc_ex.c ****   if (ADC_IS_ENABLE(hadc) == RESET)
  46              		.loc 1 136 0 is_stmt 1 discriminator 2
  47 0010 0268     		ldr	r2, [r0]
  48 0012 9368     		ldr	r3, [r2, #8]
  49 0014 0321     		mov	r1, #3
  50              	.LVL2:
  51 0016 0B40     		and	r3, r1
  52 0018 012B     		cmp	r3, #1
  53 001a 04D1     		bne	.L9
  54              		.loc 1 136 0 is_stmt 0 discriminator 1
  55 001c 1368     		ldr	r3, [r2]
  56 001e DB07     		lsl	r3, r3, #31
  57 0020 03D4     		bmi	.L10
  58              		.loc 1 136 0
  59 0022 0023     		mov	r3, #0
  60 0024 02E0     		b	.L3
  61              	.L9:
  62 0026 0023     		mov	r3, #0
  63 0028 00E0     		b	.L3
  64              	.L10:
  65 002a 0123     		mov	r3, #1
  66              	.L3:
  67 002c 041C     		mov	r4, r0
  68              		.loc 1 136 0 discriminator 6
  69 002e 002B     		cmp	r3, #0
  70 0030 34D1     		bne	.L4
 137:Drivers/STM32L0xx_HAL_Driver/Src/stm32l0xx_hal_adc_ex.c ****   {
 138:Drivers/STM32L0xx_HAL_Driver/Src/stm32l0xx_hal_adc_ex.c ****     /* Set ADC state */
 139:Drivers/STM32L0xx_HAL_Driver/Src/stm32l0xx_hal_adc_ex.c ****     ADC_STATE_CLR_SET(hadc->State, 
  71              		.loc 1 139 0 is_stmt 1
  72 0032 816D     		ldr	r1, [r0, #88]
  73 0034 1F4B     		ldr	r3, .L11
  74 0036 0B40     		and	r3, r1
  75 0038 0221     		mov	r1, #2
  76 003a 0B43     		orr	r3, r1
  77 003c 8365     		str	r3, [r0, #88]
 140:Drivers/STM32L0xx_HAL_Driver/Src/stm32l0xx_hal_adc_ex.c ****                       HAL_ADC_STATE_REG_BUSY,
 141:Drivers/STM32L0xx_HAL_Driver/Src/stm32l0xx_hal_adc_ex.c ****                       HAL_ADC_STATE_BUSY_INTERNAL);
 142:Drivers/STM32L0xx_HAL_Driver/Src/stm32l0xx_hal_adc_ex.c ****     
 143:Drivers/STM32L0xx_HAL_Driver/Src/stm32l0xx_hal_adc_ex.c ****     /* Disable ADC DMA transfer request during calibration */
 144:Drivers/STM32L0xx_HAL_Driver/Src/stm32l0xx_hal_adc_ex.c ****     /* Note: Specificity of this STM32 serie: Calibration factor is           */
 145:Drivers/STM32L0xx_HAL_Driver/Src/stm32l0xx_hal_adc_ex.c ****     /*       available in data register and also transfered by DMA.           */
 146:Drivers/STM32L0xx_HAL_Driver/Src/stm32l0xx_hal_adc_ex.c ****     /*       To not insert ADC calibration factor among ADC conversion data   */
 147:Drivers/STM32L0xx_HAL_Driver/Src/stm32l0xx_hal_adc_ex.c ****     /*       in array variable, DMA transfer must be disabled during          */
 148:Drivers/STM32L0xx_HAL_Driver/Src/stm32l0xx_hal_adc_ex.c ****     /*       calibration.                                                     */
 149:Drivers/STM32L0xx_HAL_Driver/Src/stm32l0xx_hal_adc_ex.c ****     backup_setting_adc_dma_transfer = READ_BIT(hadc->Instance->CFGR1, ADC_CFGR1_DMAEN | ADC_CFGR1_D
  78              		.loc 1 149 0
  79 003e D668     		ldr	r6, [r2, #12]
  80 0040 0131     		add	r1, r1, #1
ARM GAS  /tmp/ccHqAEYS.s 			page 5


  81 0042 0E40     		and	r6, r1
  82              	.LVL3:
 150:Drivers/STM32L0xx_HAL_Driver/Src/stm32l0xx_hal_adc_ex.c ****     CLEAR_BIT(hadc->Instance->CFGR1, ADC_CFGR1_DMAEN | ADC_CFGR1_DMACFG);
  83              		.loc 1 150 0
  84 0044 D368     		ldr	r3, [r2, #12]
  85 0046 8B43     		bic	r3, r1
  86 0048 D360     		str	r3, [r2, #12]
 151:Drivers/STM32L0xx_HAL_Driver/Src/stm32l0xx_hal_adc_ex.c ****     
 152:Drivers/STM32L0xx_HAL_Driver/Src/stm32l0xx_hal_adc_ex.c ****     /* Start ADC calibration */
 153:Drivers/STM32L0xx_HAL_Driver/Src/stm32l0xx_hal_adc_ex.c ****     hadc->Instance->CR |= ADC_CR_ADCAL;
  87              		.loc 1 153 0
  88 004a 0268     		ldr	r2, [r0]
  89 004c 9368     		ldr	r3, [r2, #8]
  90 004e 8021     		mov	r1, #128
  91 0050 0906     		lsl	r1, r1, #24
  92 0052 0B43     		orr	r3, r1
  93 0054 9360     		str	r3, [r2, #8]
 154:Drivers/STM32L0xx_HAL_Driver/Src/stm32l0xx_hal_adc_ex.c ****     
 155:Drivers/STM32L0xx_HAL_Driver/Src/stm32l0xx_hal_adc_ex.c ****     tickstart = HAL_GetTick();  
  94              		.loc 1 155 0
  95 0056 FFF7FEFF 		bl	HAL_GetTick
  96              	.LVL4:
  97 005a 051C     		mov	r5, r0
  98              	.LVL5:
 156:Drivers/STM32L0xx_HAL_Driver/Src/stm32l0xx_hal_adc_ex.c ****     
 157:Drivers/STM32L0xx_HAL_Driver/Src/stm32l0xx_hal_adc_ex.c ****     /* Wait for calibration completion */
 158:Drivers/STM32L0xx_HAL_Driver/Src/stm32l0xx_hal_adc_ex.c ****     while(HAL_IS_BIT_SET(hadc->Instance->CR, ADC_CR_ADCAL))
  99              		.loc 1 158 0
 100 005c 0FE0     		b	.L5
 101              	.LVL6:
 102              	.L6:
 159:Drivers/STM32L0xx_HAL_Driver/Src/stm32l0xx_hal_adc_ex.c ****     {
 160:Drivers/STM32L0xx_HAL_Driver/Src/stm32l0xx_hal_adc_ex.c ****       if((HAL_GetTick() - tickstart) > ADC_CALIBRATION_TIMEOUT)
 103              		.loc 1 160 0
 104 005e FFF7FEFF 		bl	HAL_GetTick
 105              	.LVL7:
 106 0062 401B     		sub	r0, r0, r5
 107 0064 0A28     		cmp	r0, #10
 108 0066 0AD9     		bls	.L5
 161:Drivers/STM32L0xx_HAL_Driver/Src/stm32l0xx_hal_adc_ex.c ****       {
 162:Drivers/STM32L0xx_HAL_Driver/Src/stm32l0xx_hal_adc_ex.c ****         /* Update ADC state machine to error */
 163:Drivers/STM32L0xx_HAL_Driver/Src/stm32l0xx_hal_adc_ex.c ****         ADC_STATE_CLR_SET(hadc->State,
 109              		.loc 1 163 0
 110 0068 A36D     		ldr	r3, [r4, #88]
 111 006a 1222     		mov	r2, #18
 112 006c 9343     		bic	r3, r2
 113 006e 023A     		sub	r2, r2, #2
 114 0070 1343     		orr	r3, r2
 115 0072 A365     		str	r3, [r4, #88]
 164:Drivers/STM32L0xx_HAL_Driver/Src/stm32l0xx_hal_adc_ex.c ****                           HAL_ADC_STATE_BUSY_INTERNAL,
 165:Drivers/STM32L0xx_HAL_Driver/Src/stm32l0xx_hal_adc_ex.c ****                           HAL_ADC_STATE_ERROR_INTERNAL);
 166:Drivers/STM32L0xx_HAL_Driver/Src/stm32l0xx_hal_adc_ex.c ****         
 167:Drivers/STM32L0xx_HAL_Driver/Src/stm32l0xx_hal_adc_ex.c ****         /* Process unlocked */
 168:Drivers/STM32L0xx_HAL_Driver/Src/stm32l0xx_hal_adc_ex.c ****         __HAL_UNLOCK(hadc);
 116              		.loc 1 168 0
 117 0074 0022     		mov	r2, #0
 118 0076 5423     		mov	r3, #84
ARM GAS  /tmp/ccHqAEYS.s 			page 6


 119 0078 E254     		strb	r2, [r4, r3]
 169:Drivers/STM32L0xx_HAL_Driver/Src/stm32l0xx_hal_adc_ex.c ****         
 170:Drivers/STM32L0xx_HAL_Driver/Src/stm32l0xx_hal_adc_ex.c ****         return HAL_ERROR;
 120              		.loc 1 170 0
 121 007a 0120     		mov	r0, #1
 122 007c 18E0     		b	.L2
 123              	.L5:
 158:Drivers/STM32L0xx_HAL_Driver/Src/stm32l0xx_hal_adc_ex.c ****     {
 124              		.loc 1 158 0
 125 007e 2368     		ldr	r3, [r4]
 126 0080 9A68     		ldr	r2, [r3, #8]
 127 0082 002A     		cmp	r2, #0
 128 0084 EBDB     		blt	.L6
 171:Drivers/STM32L0xx_HAL_Driver/Src/stm32l0xx_hal_adc_ex.c ****       }
 172:Drivers/STM32L0xx_HAL_Driver/Src/stm32l0xx_hal_adc_ex.c ****     }
 173:Drivers/STM32L0xx_HAL_Driver/Src/stm32l0xx_hal_adc_ex.c ****     
 174:Drivers/STM32L0xx_HAL_Driver/Src/stm32l0xx_hal_adc_ex.c ****     /* Restore ADC DMA transfer request after calibration */
 175:Drivers/STM32L0xx_HAL_Driver/Src/stm32l0xx_hal_adc_ex.c ****     SET_BIT(hadc->Instance->CFGR1, backup_setting_adc_dma_transfer);
 129              		.loc 1 175 0
 130 0086 DA68     		ldr	r2, [r3, #12]
 131 0088 1643     		orr	r6, r2
 132              	.LVL8:
 133 008a DE60     		str	r6, [r3, #12]
 176:Drivers/STM32L0xx_HAL_Driver/Src/stm32l0xx_hal_adc_ex.c ****     
 177:Drivers/STM32L0xx_HAL_Driver/Src/stm32l0xx_hal_adc_ex.c ****     /* Set ADC state */
 178:Drivers/STM32L0xx_HAL_Driver/Src/stm32l0xx_hal_adc_ex.c ****     ADC_STATE_CLR_SET(hadc->State,
 134              		.loc 1 178 0
 135 008c A36D     		ldr	r3, [r4, #88]
 136 008e 0322     		mov	r2, #3
 137 0090 9343     		bic	r3, r2
 138 0092 023A     		sub	r2, r2, #2
 139 0094 1343     		orr	r3, r2
 140 0096 A365     		str	r3, [r4, #88]
 125:Drivers/STM32L0xx_HAL_Driver/Src/stm32l0xx_hal_adc_ex.c ****   uint32_t tickstart = 0U;
 141              		.loc 1 125 0
 142 0098 0020     		mov	r0, #0
 143 009a 04E0     		b	.L7
 144              	.LVL9:
 145              	.L4:
 179:Drivers/STM32L0xx_HAL_Driver/Src/stm32l0xx_hal_adc_ex.c ****                       HAL_ADC_STATE_BUSY_INTERNAL,
 180:Drivers/STM32L0xx_HAL_Driver/Src/stm32l0xx_hal_adc_ex.c ****                       HAL_ADC_STATE_READY);
 181:Drivers/STM32L0xx_HAL_Driver/Src/stm32l0xx_hal_adc_ex.c ****   }
 182:Drivers/STM32L0xx_HAL_Driver/Src/stm32l0xx_hal_adc_ex.c ****   else
 183:Drivers/STM32L0xx_HAL_Driver/Src/stm32l0xx_hal_adc_ex.c ****   {
 184:Drivers/STM32L0xx_HAL_Driver/Src/stm32l0xx_hal_adc_ex.c ****     /* Update ADC state machine to error */
 185:Drivers/STM32L0xx_HAL_Driver/Src/stm32l0xx_hal_adc_ex.c ****     SET_BIT(hadc->State, HAL_ADC_STATE_ERROR_CONFIG);
 146              		.loc 1 185 0
 147 009c 826D     		ldr	r2, [r0, #88]
 148 009e 2023     		mov	r3, #32
 149 00a0 1343     		orr	r3, r2
 150 00a2 8365     		str	r3, [r0, #88]
 151              	.LVL10:
 186:Drivers/STM32L0xx_HAL_Driver/Src/stm32l0xx_hal_adc_ex.c ****     
 187:Drivers/STM32L0xx_HAL_Driver/Src/stm32l0xx_hal_adc_ex.c ****     tmp_hal_status = HAL_ERROR;
 152              		.loc 1 187 0
 153 00a4 0120     		mov	r0, #1
 154              	.LVL11:
ARM GAS  /tmp/ccHqAEYS.s 			page 7


 155              	.L7:
 188:Drivers/STM32L0xx_HAL_Driver/Src/stm32l0xx_hal_adc_ex.c ****   }
 189:Drivers/STM32L0xx_HAL_Driver/Src/stm32l0xx_hal_adc_ex.c ****   
 190:Drivers/STM32L0xx_HAL_Driver/Src/stm32l0xx_hal_adc_ex.c ****   /* Process unlocked */
 191:Drivers/STM32L0xx_HAL_Driver/Src/stm32l0xx_hal_adc_ex.c ****   __HAL_UNLOCK(hadc);
 156              		.loc 1 191 0
 157 00a6 0022     		mov	r2, #0
 158 00a8 5423     		mov	r3, #84
 159 00aa E254     		strb	r2, [r4, r3]
 192:Drivers/STM32L0xx_HAL_Driver/Src/stm32l0xx_hal_adc_ex.c ****   
 193:Drivers/STM32L0xx_HAL_Driver/Src/stm32l0xx_hal_adc_ex.c ****   /* Return function status */
 194:Drivers/STM32L0xx_HAL_Driver/Src/stm32l0xx_hal_adc_ex.c ****   return tmp_hal_status;
 160              		.loc 1 194 0
 161 00ac 00E0     		b	.L2
 162              	.LVL12:
 163              	.L8:
 133:Drivers/STM32L0xx_HAL_Driver/Src/stm32l0xx_hal_adc_ex.c ****   
 164              		.loc 1 133 0
 165 00ae 0220     		mov	r0, #2
 166              	.LVL13:
 167              	.L2:
 195:Drivers/STM32L0xx_HAL_Driver/Src/stm32l0xx_hal_adc_ex.c **** }
 168              		.loc 1 195 0
 169              		@ sp needed
 170 00b0 70BD     		pop	{r4, r5, r6, pc}
 171              	.L12:
 172 00b2 C046     		.align	2
 173              	.L11:
 174 00b4 FDFEFFFF 		.word	-259
 175              		.cfi_endproc
 176              	.LFE36:
 178              		.section	.text.HAL_ADCEx_Calibration_GetValue,"ax",%progbits
 179              		.align	2
 180              		.global	HAL_ADCEx_Calibration_GetValue
 181              		.code	16
 182              		.thumb_func
 184              	HAL_ADCEx_Calibration_GetValue:
 185              	.LFB37:
 196:Drivers/STM32L0xx_HAL_Driver/Src/stm32l0xx_hal_adc_ex.c **** 
 197:Drivers/STM32L0xx_HAL_Driver/Src/stm32l0xx_hal_adc_ex.c **** /**
 198:Drivers/STM32L0xx_HAL_Driver/Src/stm32l0xx_hal_adc_ex.c ****   * @brief  Get the calibration factor.
 199:Drivers/STM32L0xx_HAL_Driver/Src/stm32l0xx_hal_adc_ex.c ****   * @param  hadc: ADC handle.
 200:Drivers/STM32L0xx_HAL_Driver/Src/stm32l0xx_hal_adc_ex.c ****   * @param  SingleDiff: This parameter can be only:
 201:Drivers/STM32L0xx_HAL_Driver/Src/stm32l0xx_hal_adc_ex.c ****   *           @arg ADC_SINGLE_ENDED: Channel in mode input single ended.
 202:Drivers/STM32L0xx_HAL_Driver/Src/stm32l0xx_hal_adc_ex.c ****   * @retval Calibration value.
 203:Drivers/STM32L0xx_HAL_Driver/Src/stm32l0xx_hal_adc_ex.c ****   */
 204:Drivers/STM32L0xx_HAL_Driver/Src/stm32l0xx_hal_adc_ex.c **** uint32_t HAL_ADCEx_Calibration_GetValue(ADC_HandleTypeDef* hadc, uint32_t SingleDiff)
 205:Drivers/STM32L0xx_HAL_Driver/Src/stm32l0xx_hal_adc_ex.c **** {
 186              		.loc 1 205 0
 187              		.cfi_startproc
 188              	.LVL14:
 206:Drivers/STM32L0xx_HAL_Driver/Src/stm32l0xx_hal_adc_ex.c ****   /* Check the parameters */
 207:Drivers/STM32L0xx_HAL_Driver/Src/stm32l0xx_hal_adc_ex.c ****   assert_param(IS_ADC_ALL_INSTANCE(hadc->Instance));
 208:Drivers/STM32L0xx_HAL_Driver/Src/stm32l0xx_hal_adc_ex.c ****   assert_param(IS_ADC_SINGLE_DIFFERENTIAL(SingleDiff)); 
 209:Drivers/STM32L0xx_HAL_Driver/Src/stm32l0xx_hal_adc_ex.c ****   
 210:Drivers/STM32L0xx_HAL_Driver/Src/stm32l0xx_hal_adc_ex.c ****   /* Return the ADC calibration value */ 
 211:Drivers/STM32L0xx_HAL_Driver/Src/stm32l0xx_hal_adc_ex.c ****   return ((hadc->Instance->CALFACT) & 0x0000007FU);
ARM GAS  /tmp/ccHqAEYS.s 			page 8


 189              		.loc 1 211 0
 190 0000 0268     		ldr	r2, [r0]
 191 0002 B423     		mov	r3, #180
 192 0004 D358     		ldr	r3, [r2, r3]
 193 0006 7F20     		mov	r0, #127
 194              	.LVL15:
 195 0008 1840     		and	r0, r3
 212:Drivers/STM32L0xx_HAL_Driver/Src/stm32l0xx_hal_adc_ex.c **** }
 196              		.loc 1 212 0
 197              		@ sp needed
 198 000a 7047     		bx	lr
 199              		.cfi_endproc
 200              	.LFE37:
 202              		.section	.text.HAL_ADCEx_Calibration_SetValue,"ax",%progbits
 203              		.align	2
 204              		.global	HAL_ADCEx_Calibration_SetValue
 205              		.code	16
 206              		.thumb_func
 208              	HAL_ADCEx_Calibration_SetValue:
 209              	.LFB38:
 213:Drivers/STM32L0xx_HAL_Driver/Src/stm32l0xx_hal_adc_ex.c **** 
 214:Drivers/STM32L0xx_HAL_Driver/Src/stm32l0xx_hal_adc_ex.c **** /**
 215:Drivers/STM32L0xx_HAL_Driver/Src/stm32l0xx_hal_adc_ex.c ****   * @brief  Set the calibration factor to overwrite automatic conversion result.
 216:Drivers/STM32L0xx_HAL_Driver/Src/stm32l0xx_hal_adc_ex.c ****   *         ADC must be enabled and no conversion is ongoing.
 217:Drivers/STM32L0xx_HAL_Driver/Src/stm32l0xx_hal_adc_ex.c ****   * @param  hadc: ADC handle
 218:Drivers/STM32L0xx_HAL_Driver/Src/stm32l0xx_hal_adc_ex.c ****   * @param  SingleDiff: This parameter can be only:
 219:Drivers/STM32L0xx_HAL_Driver/Src/stm32l0xx_hal_adc_ex.c ****   *           @arg ADC_SINGLE_ENDED: Channel in mode input single ended.
 220:Drivers/STM32L0xx_HAL_Driver/Src/stm32l0xx_hal_adc_ex.c ****   * @param  CalibrationFactor: Calibration factor (coded on 7 bits maximum)
 221:Drivers/STM32L0xx_HAL_Driver/Src/stm32l0xx_hal_adc_ex.c ****   * @retval HAL state
 222:Drivers/STM32L0xx_HAL_Driver/Src/stm32l0xx_hal_adc_ex.c ****   */
 223:Drivers/STM32L0xx_HAL_Driver/Src/stm32l0xx_hal_adc_ex.c **** HAL_StatusTypeDef HAL_ADCEx_Calibration_SetValue(ADC_HandleTypeDef* hadc, uint32_t SingleDiff, uint
 224:Drivers/STM32L0xx_HAL_Driver/Src/stm32l0xx_hal_adc_ex.c **** {
 210              		.loc 1 224 0
 211              		.cfi_startproc
 212              	.LVL16:
 213 0000 30B5     		push	{r4, r5, lr}
 214              	.LCFI1:
 215              		.cfi_def_cfa_offset 12
 216              		.cfi_offset 4, -12
 217              		.cfi_offset 5, -8
 218              		.cfi_offset 14, -4
 219              	.LVL17:
 225:Drivers/STM32L0xx_HAL_Driver/Src/stm32l0xx_hal_adc_ex.c ****   HAL_StatusTypeDef tmp_hal_status = HAL_OK;
 226:Drivers/STM32L0xx_HAL_Driver/Src/stm32l0xx_hal_adc_ex.c ****   
 227:Drivers/STM32L0xx_HAL_Driver/Src/stm32l0xx_hal_adc_ex.c ****   /* Check the parameters */
 228:Drivers/STM32L0xx_HAL_Driver/Src/stm32l0xx_hal_adc_ex.c ****   assert_param(IS_ADC_ALL_INSTANCE(hadc->Instance));
 229:Drivers/STM32L0xx_HAL_Driver/Src/stm32l0xx_hal_adc_ex.c ****   assert_param(IS_ADC_SINGLE_DIFFERENTIAL(SingleDiff)); 
 230:Drivers/STM32L0xx_HAL_Driver/Src/stm32l0xx_hal_adc_ex.c ****   assert_param(IS_ADC_CALFACT(CalibrationFactor)); 
 231:Drivers/STM32L0xx_HAL_Driver/Src/stm32l0xx_hal_adc_ex.c ****   
 232:Drivers/STM32L0xx_HAL_Driver/Src/stm32l0xx_hal_adc_ex.c ****   /* Process locked */
 233:Drivers/STM32L0xx_HAL_Driver/Src/stm32l0xx_hal_adc_ex.c ****   __HAL_LOCK(hadc);
 220              		.loc 1 233 0
 221 0002 5423     		mov	r3, #84
 222 0004 C35C     		ldrb	r3, [r0, r3]
 223 0006 012B     		cmp	r3, #1
 224 0008 2ED0     		beq	.L19
 225              		.loc 1 233 0 is_stmt 0 discriminator 2
ARM GAS  /tmp/ccHqAEYS.s 			page 9


 226 000a 0121     		mov	r1, #1
 227              	.LVL18:
 228 000c 5423     		mov	r3, #84
 229 000e C154     		strb	r1, [r0, r3]
 234:Drivers/STM32L0xx_HAL_Driver/Src/stm32l0xx_hal_adc_ex.c ****   
 235:Drivers/STM32L0xx_HAL_Driver/Src/stm32l0xx_hal_adc_ex.c ****   /* Verification of hardware constraints before modifying the calibration    */
 236:Drivers/STM32L0xx_HAL_Driver/Src/stm32l0xx_hal_adc_ex.c ****   /* factors register: ADC must be enabled, no conversion on going.           */
 237:Drivers/STM32L0xx_HAL_Driver/Src/stm32l0xx_hal_adc_ex.c ****   if ( (ADC_IS_ENABLE(hadc) != RESET)                            &&
 230              		.loc 1 237 0 is_stmt 1 discriminator 2
 231 0010 0168     		ldr	r1, [r0]
 232 0012 8B68     		ldr	r3, [r1, #8]
 233 0014 0324     		mov	r4, #3
 234 0016 2340     		and	r3, r4
 235 0018 012B     		cmp	r3, #1
 236 001a 04D1     		bne	.L20
 237              		.loc 1 237 0 is_stmt 0 discriminator 1
 238 001c 0B68     		ldr	r3, [r1]
 239 001e DB07     		lsl	r3, r3, #31
 240 0020 03D4     		bmi	.L21
 241              		.loc 1 237 0
 242 0022 0023     		mov	r3, #0
 243 0024 02E0     		b	.L16
 244              	.L20:
 245 0026 0023     		mov	r3, #0
 246 0028 00E0     		b	.L16
 247              	.L21:
 248 002a 0123     		mov	r3, #1
 249              	.L16:
 250              		.loc 1 237 0 discriminator 6
 251 002c 002B     		cmp	r3, #0
 252 002e 0DD0     		beq	.L17
 238:Drivers/STM32L0xx_HAL_Driver/Src/stm32l0xx_hal_adc_ex.c ****        (ADC_IS_CONVERSION_ONGOING_REGULAR(hadc) == RESET)  )
 253              		.loc 1 238 0 is_stmt 1 discriminator 7
 254 0030 8B68     		ldr	r3, [r1, #8]
 237:Drivers/STM32L0xx_HAL_Driver/Src/stm32l0xx_hal_adc_ex.c ****        (ADC_IS_CONVERSION_ONGOING_REGULAR(hadc) == RESET)  )
 255              		.loc 1 237 0 discriminator 7
 256 0032 5B07     		lsl	r3, r3, #29
 257 0034 0AD4     		bmi	.L17
 239:Drivers/STM32L0xx_HAL_Driver/Src/stm32l0xx_hal_adc_ex.c ****   {
 240:Drivers/STM32L0xx_HAL_Driver/Src/stm32l0xx_hal_adc_ex.c ****     /* Set the selected ADC calibration value */ 
 241:Drivers/STM32L0xx_HAL_Driver/Src/stm32l0xx_hal_adc_ex.c ****     hadc->Instance->CALFACT &= ~ADC_CALFACT_CALFACT;
 258              		.loc 1 241 0
 259 0036 B423     		mov	r3, #180
 260 0038 CC58     		ldr	r4, [r1, r3]
 261 003a 7F25     		mov	r5, #127
 262 003c AC43     		bic	r4, r5
 263 003e CC50     		str	r4, [r1, r3]
 242:Drivers/STM32L0xx_HAL_Driver/Src/stm32l0xx_hal_adc_ex.c ****     hadc->Instance->CALFACT |= CalibrationFactor;
 264              		.loc 1 242 0
 265 0040 0168     		ldr	r1, [r0]
 266 0042 CC58     		ldr	r4, [r1, r3]
 267 0044 2243     		orr	r2, r4
 268              	.LVL19:
 269 0046 CA50     		str	r2, [r1, r3]
 225:Drivers/STM32L0xx_HAL_Driver/Src/stm32l0xx_hal_adc_ex.c ****   
 270              		.loc 1 225 0
 271 0048 0023     		mov	r3, #0
ARM GAS  /tmp/ccHqAEYS.s 			page 10


 272              		.loc 1 242 0
 273 004a 08E0     		b	.L18
 274              	.LVL20:
 275              	.L17:
 243:Drivers/STM32L0xx_HAL_Driver/Src/stm32l0xx_hal_adc_ex.c ****   }
 244:Drivers/STM32L0xx_HAL_Driver/Src/stm32l0xx_hal_adc_ex.c ****   else
 245:Drivers/STM32L0xx_HAL_Driver/Src/stm32l0xx_hal_adc_ex.c ****   {
 246:Drivers/STM32L0xx_HAL_Driver/Src/stm32l0xx_hal_adc_ex.c ****     /* Update ADC state machine to error */
 247:Drivers/STM32L0xx_HAL_Driver/Src/stm32l0xx_hal_adc_ex.c ****     SET_BIT(hadc->State, HAL_ADC_STATE_ERROR_INTERNAL);
 276              		.loc 1 247 0
 277 004c 826D     		ldr	r2, [r0, #88]
 278              	.LVL21:
 279 004e 1023     		mov	r3, #16
 280 0050 1343     		orr	r3, r2
 281 0052 8365     		str	r3, [r0, #88]
 248:Drivers/STM32L0xx_HAL_Driver/Src/stm32l0xx_hal_adc_ex.c ****     /* Update ADC state machine to error */
 249:Drivers/STM32L0xx_HAL_Driver/Src/stm32l0xx_hal_adc_ex.c ****     SET_BIT(hadc->ErrorCode, HAL_ADC_ERROR_INTERNAL);
 282              		.loc 1 249 0
 283 0054 C26D     		ldr	r2, [r0, #92]
 284 0056 0123     		mov	r3, #1
 285 0058 1343     		orr	r3, r2
 286 005a C365     		str	r3, [r0, #92]
 287              	.LVL22:
 250:Drivers/STM32L0xx_HAL_Driver/Src/stm32l0xx_hal_adc_ex.c ****     
 251:Drivers/STM32L0xx_HAL_Driver/Src/stm32l0xx_hal_adc_ex.c ****     /* Update ADC state machine to error */
 252:Drivers/STM32L0xx_HAL_Driver/Src/stm32l0xx_hal_adc_ex.c ****     tmp_hal_status = HAL_ERROR;
 288              		.loc 1 252 0
 289 005c 0123     		mov	r3, #1
 290              	.LVL23:
 291              	.L18:
 253:Drivers/STM32L0xx_HAL_Driver/Src/stm32l0xx_hal_adc_ex.c ****   }
 254:Drivers/STM32L0xx_HAL_Driver/Src/stm32l0xx_hal_adc_ex.c ****   
 255:Drivers/STM32L0xx_HAL_Driver/Src/stm32l0xx_hal_adc_ex.c ****   /* Process unlocked */
 256:Drivers/STM32L0xx_HAL_Driver/Src/stm32l0xx_hal_adc_ex.c ****   __HAL_UNLOCK(hadc);
 292              		.loc 1 256 0
 293 005e 0021     		mov	r1, #0
 294 0060 5422     		mov	r2, #84
 295 0062 8154     		strb	r1, [r0, r2]
 257:Drivers/STM32L0xx_HAL_Driver/Src/stm32l0xx_hal_adc_ex.c ****   
 258:Drivers/STM32L0xx_HAL_Driver/Src/stm32l0xx_hal_adc_ex.c ****   /* Return function status */
 259:Drivers/STM32L0xx_HAL_Driver/Src/stm32l0xx_hal_adc_ex.c ****   return tmp_hal_status;
 296              		.loc 1 259 0
 297 0064 181C     		mov	r0, r3
 298              	.LVL24:
 299 0066 00E0     		b	.L15
 300              	.LVL25:
 301              	.L19:
 233:Drivers/STM32L0xx_HAL_Driver/Src/stm32l0xx_hal_adc_ex.c ****   
 302              		.loc 1 233 0
 303 0068 0220     		mov	r0, #2
 304              	.LVL26:
 305              	.L15:
 260:Drivers/STM32L0xx_HAL_Driver/Src/stm32l0xx_hal_adc_ex.c **** }
 306              		.loc 1 260 0
 307              		@ sp needed
 308 006a 30BD     		pop	{r4, r5, pc}
 309              		.cfi_endproc
ARM GAS  /tmp/ccHqAEYS.s 			page 11


 310              	.LFE38:
 312              		.section	.text.HAL_ADCEx_EnableVREFINT,"ax",%progbits
 313              		.align	2
 314              		.global	HAL_ADCEx_EnableVREFINT
 315              		.code	16
 316              		.thumb_func
 318              	HAL_ADCEx_EnableVREFINT:
 319              	.LFB39:
 261:Drivers/STM32L0xx_HAL_Driver/Src/stm32l0xx_hal_adc_ex.c **** 
 262:Drivers/STM32L0xx_HAL_Driver/Src/stm32l0xx_hal_adc_ex.c **** /**
 263:Drivers/STM32L0xx_HAL_Driver/Src/stm32l0xx_hal_adc_ex.c ****   * @brief  Enables the buffer of Vrefint for the ADC, required when device is in mode low-power (l
 264:Drivers/STM32L0xx_HAL_Driver/Src/stm32l0xx_hal_adc_ex.c ****   *         This function must be called before function HAL_ADC_Init() 
 265:Drivers/STM32L0xx_HAL_Driver/Src/stm32l0xx_hal_adc_ex.c ****   *         (in case of previous ADC operations: function HAL_ADC_DeInit() must be called first)
 266:Drivers/STM32L0xx_HAL_Driver/Src/stm32l0xx_hal_adc_ex.c ****   *         For more details on procedure and buffer current consumption, refer to device reference
 267:Drivers/STM32L0xx_HAL_Driver/Src/stm32l0xx_hal_adc_ex.c ****   * @note   This is functional only if the LOCK is not set.
 268:Drivers/STM32L0xx_HAL_Driver/Src/stm32l0xx_hal_adc_ex.c ****   * @retval None
 269:Drivers/STM32L0xx_HAL_Driver/Src/stm32l0xx_hal_adc_ex.c **** */
 270:Drivers/STM32L0xx_HAL_Driver/Src/stm32l0xx_hal_adc_ex.c **** HAL_StatusTypeDef HAL_ADCEx_EnableVREFINT(void)
 271:Drivers/STM32L0xx_HAL_Driver/Src/stm32l0xx_hal_adc_ex.c **** {
 320              		.loc 1 271 0
 321              		.cfi_startproc
 322 0000 10B5     		push	{r4, lr}
 323              	.LCFI2:
 324              		.cfi_def_cfa_offset 8
 325              		.cfi_offset 4, -8
 326              		.cfi_offset 14, -4
 327              	.LVL27:
 272:Drivers/STM32L0xx_HAL_Driver/Src/stm32l0xx_hal_adc_ex.c ****   uint32_t tickstart = 0U;
 273:Drivers/STM32L0xx_HAL_Driver/Src/stm32l0xx_hal_adc_ex.c ****   
 274:Drivers/STM32L0xx_HAL_Driver/Src/stm32l0xx_hal_adc_ex.c ****   /* Enable the Buffer for the ADC by setting ENBUF_SENSOR_ADC bit in the CFGR3 register */
 275:Drivers/STM32L0xx_HAL_Driver/Src/stm32l0xx_hal_adc_ex.c ****   SET_BIT(SYSCFG->CFGR3, SYSCFG_CFGR3_ENBUF_VREFINT_ADC);
 328              		.loc 1 275 0
 329 0002 0B4A     		ldr	r2, .L27
 330 0004 136A     		ldr	r3, [r2, #32]
 331 0006 8021     		mov	r1, #128
 332 0008 4900     		lsl	r1, r1, #1
 333 000a 0B43     		orr	r3, r1
 334 000c 1362     		str	r3, [r2, #32]
 276:Drivers/STM32L0xx_HAL_Driver/Src/stm32l0xx_hal_adc_ex.c ****   
 277:Drivers/STM32L0xx_HAL_Driver/Src/stm32l0xx_hal_adc_ex.c ****   /* Wait for Vrefint buffer effectively enabled */
 278:Drivers/STM32L0xx_HAL_Driver/Src/stm32l0xx_hal_adc_ex.c ****   /* Get tick count */
 279:Drivers/STM32L0xx_HAL_Driver/Src/stm32l0xx_hal_adc_ex.c ****   tickstart = HAL_GetTick();
 335              		.loc 1 279 0
 336 000e FFF7FEFF 		bl	HAL_GetTick
 337              	.LVL28:
 338 0012 041C     		mov	r4, r0
 339              	.LVL29:
 280:Drivers/STM32L0xx_HAL_Driver/Src/stm32l0xx_hal_adc_ex.c ****   
 281:Drivers/STM32L0xx_HAL_Driver/Src/stm32l0xx_hal_adc_ex.c ****   while(HAL_IS_BIT_CLR(SYSCFG->CFGR3, SYSCFG_CFGR3_VREFINT_RDYF))
 340              		.loc 1 281 0
 341 0014 04E0     		b	.L23
 342              	.LVL30:
 343              	.L25:
 282:Drivers/STM32L0xx_HAL_Driver/Src/stm32l0xx_hal_adc_ex.c ****   {
 283:Drivers/STM32L0xx_HAL_Driver/Src/stm32l0xx_hal_adc_ex.c ****     if((HAL_GetTick() - tickstart) > SYSCFG_BUF_VREFINT_ENABLE_TIMEOUT)
 344              		.loc 1 283 0
 345 0016 FFF7FEFF 		bl	HAL_GetTick
ARM GAS  /tmp/ccHqAEYS.s 			page 12


 346              	.LVL31:
 347 001a 001B     		sub	r0, r0, r4
 348 001c 0328     		cmp	r0, #3
 349 001e 05D8     		bhi	.L26
 350              	.L23:
 281:Drivers/STM32L0xx_HAL_Driver/Src/stm32l0xx_hal_adc_ex.c ****   {
 351              		.loc 1 281 0
 352 0020 034B     		ldr	r3, .L27
 353 0022 1B6A     		ldr	r3, [r3, #32]
 354 0024 5B00     		lsl	r3, r3, #1
 355 0026 F6D5     		bpl	.L25
 284:Drivers/STM32L0xx_HAL_Driver/Src/stm32l0xx_hal_adc_ex.c ****     { 
 285:Drivers/STM32L0xx_HAL_Driver/Src/stm32l0xx_hal_adc_ex.c ****       return HAL_ERROR;
 286:Drivers/STM32L0xx_HAL_Driver/Src/stm32l0xx_hal_adc_ex.c ****     }
 287:Drivers/STM32L0xx_HAL_Driver/Src/stm32l0xx_hal_adc_ex.c ****   }
 288:Drivers/STM32L0xx_HAL_Driver/Src/stm32l0xx_hal_adc_ex.c ****   
 289:Drivers/STM32L0xx_HAL_Driver/Src/stm32l0xx_hal_adc_ex.c ****   return HAL_OK;
 356              		.loc 1 289 0
 357 0028 0020     		mov	r0, #0
 358 002a 00E0     		b	.L24
 359              	.L26:
 285:Drivers/STM32L0xx_HAL_Driver/Src/stm32l0xx_hal_adc_ex.c ****     }
 360              		.loc 1 285 0
 361 002c 0120     		mov	r0, #1
 362              	.L24:
 290:Drivers/STM32L0xx_HAL_Driver/Src/stm32l0xx_hal_adc_ex.c **** }
 363              		.loc 1 290 0
 364              		@ sp needed
 365              	.LVL32:
 366 002e 10BD     		pop	{r4, pc}
 367              	.L28:
 368              		.align	2
 369              	.L27:
 370 0030 00000140 		.word	1073807360
 371              		.cfi_endproc
 372              	.LFE39:
 374              		.section	.text.HAL_ADCEx_DisableVREFINT,"ax",%progbits
 375              		.align	2
 376              		.global	HAL_ADCEx_DisableVREFINT
 377              		.code	16
 378              		.thumb_func
 380              	HAL_ADCEx_DisableVREFINT:
 381              	.LFB40:
 291:Drivers/STM32L0xx_HAL_Driver/Src/stm32l0xx_hal_adc_ex.c **** 
 292:Drivers/STM32L0xx_HAL_Driver/Src/stm32l0xx_hal_adc_ex.c **** /**
 293:Drivers/STM32L0xx_HAL_Driver/Src/stm32l0xx_hal_adc_ex.c ****   * @brief Disables the Buffer Vrefint for the ADC.
 294:Drivers/STM32L0xx_HAL_Driver/Src/stm32l0xx_hal_adc_ex.c ****   * @note This is functional only if the LOCK is not set.
 295:Drivers/STM32L0xx_HAL_Driver/Src/stm32l0xx_hal_adc_ex.c ****   * @retval None
 296:Drivers/STM32L0xx_HAL_Driver/Src/stm32l0xx_hal_adc_ex.c ****   */
 297:Drivers/STM32L0xx_HAL_Driver/Src/stm32l0xx_hal_adc_ex.c **** void HAL_ADCEx_DisableVREFINT(void)
 298:Drivers/STM32L0xx_HAL_Driver/Src/stm32l0xx_hal_adc_ex.c **** {
 382              		.loc 1 298 0
 383              		.cfi_startproc
 299:Drivers/STM32L0xx_HAL_Driver/Src/stm32l0xx_hal_adc_ex.c ****   /* Disable the Vrefint by resetting ENBUF_SENSOR_ADC bit in the CFGR3 register */
 300:Drivers/STM32L0xx_HAL_Driver/Src/stm32l0xx_hal_adc_ex.c ****   CLEAR_BIT(SYSCFG->CFGR3, SYSCFG_CFGR3_ENBUF_VREFINT_ADC);
 384              		.loc 1 300 0
 385 0000 024A     		ldr	r2, .L30
ARM GAS  /tmp/ccHqAEYS.s 			page 13


 386 0002 116A     		ldr	r1, [r2, #32]
 387 0004 024B     		ldr	r3, .L30+4
 388 0006 0B40     		and	r3, r1
 389 0008 1362     		str	r3, [r2, #32]
 301:Drivers/STM32L0xx_HAL_Driver/Src/stm32l0xx_hal_adc_ex.c **** }
 390              		.loc 1 301 0
 391              		@ sp needed
 392 000a 7047     		bx	lr
 393              	.L31:
 394              		.align	2
 395              	.L30:
 396 000c 00000140 		.word	1073807360
 397 0010 FFFEFFFF 		.word	-257
 398              		.cfi_endproc
 399              	.LFE40:
 401              		.section	.text.HAL_ADCEx_EnableVREFINTTempSensor,"ax",%progbits
 402              		.align	2
 403              		.global	HAL_ADCEx_EnableVREFINTTempSensor
 404              		.code	16
 405              		.thumb_func
 407              	HAL_ADCEx_EnableVREFINTTempSensor:
 408              	.LFB41:
 302:Drivers/STM32L0xx_HAL_Driver/Src/stm32l0xx_hal_adc_ex.c **** 
 303:Drivers/STM32L0xx_HAL_Driver/Src/stm32l0xx_hal_adc_ex.c **** /**
 304:Drivers/STM32L0xx_HAL_Driver/Src/stm32l0xx_hal_adc_ex.c **** * @brief  Enables the buffer of temperature sensor for the ADC, required when device is in mode low
 305:Drivers/STM32L0xx_HAL_Driver/Src/stm32l0xx_hal_adc_ex.c **** *         This function must be called before function HAL_ADC_Init()
 306:Drivers/STM32L0xx_HAL_Driver/Src/stm32l0xx_hal_adc_ex.c **** *         (in case of previous ADC operations: function HAL_ADC_DeInit() must be called first)
 307:Drivers/STM32L0xx_HAL_Driver/Src/stm32l0xx_hal_adc_ex.c **** *         For more details on procedure and buffer current consumption, refer to device reference m
 308:Drivers/STM32L0xx_HAL_Driver/Src/stm32l0xx_hal_adc_ex.c **** * @note   This is functional only if the LOCK is not set.
 309:Drivers/STM32L0xx_HAL_Driver/Src/stm32l0xx_hal_adc_ex.c **** * @retval None
 310:Drivers/STM32L0xx_HAL_Driver/Src/stm32l0xx_hal_adc_ex.c **** */
 311:Drivers/STM32L0xx_HAL_Driver/Src/stm32l0xx_hal_adc_ex.c **** HAL_StatusTypeDef HAL_ADCEx_EnableVREFINTTempSensor(void)
 312:Drivers/STM32L0xx_HAL_Driver/Src/stm32l0xx_hal_adc_ex.c **** {
 409              		.loc 1 312 0
 410              		.cfi_startproc
 411 0000 10B5     		push	{r4, lr}
 412              	.LCFI3:
 413              		.cfi_def_cfa_offset 8
 414              		.cfi_offset 4, -8
 415              		.cfi_offset 14, -4
 416              	.LVL33:
 313:Drivers/STM32L0xx_HAL_Driver/Src/stm32l0xx_hal_adc_ex.c ****   uint32_t tickstart = 0U;
 314:Drivers/STM32L0xx_HAL_Driver/Src/stm32l0xx_hal_adc_ex.c ****   
 315:Drivers/STM32L0xx_HAL_Driver/Src/stm32l0xx_hal_adc_ex.c ****   /* Enable the Buffer for the ADC by setting ENBUF_SENSOR_ADC bit in the CFGR3 register */
 316:Drivers/STM32L0xx_HAL_Driver/Src/stm32l0xx_hal_adc_ex.c ****   SET_BIT(SYSCFG->CFGR3, SYSCFG_CFGR3_ENBUF_SENSOR_ADC);
 417              		.loc 1 316 0
 418 0002 0B4A     		ldr	r2, .L37
 419 0004 136A     		ldr	r3, [r2, #32]
 420 0006 8021     		mov	r1, #128
 421 0008 8900     		lsl	r1, r1, #2
 422 000a 0B43     		orr	r3, r1
 423 000c 1362     		str	r3, [r2, #32]
 317:Drivers/STM32L0xx_HAL_Driver/Src/stm32l0xx_hal_adc_ex.c ****   
 318:Drivers/STM32L0xx_HAL_Driver/Src/stm32l0xx_hal_adc_ex.c ****   /* Wait for Vrefint buffer effectively enabled */
 319:Drivers/STM32L0xx_HAL_Driver/Src/stm32l0xx_hal_adc_ex.c ****   /* Get tick count */
 320:Drivers/STM32L0xx_HAL_Driver/Src/stm32l0xx_hal_adc_ex.c ****   tickstart = HAL_GetTick();
 424              		.loc 1 320 0
ARM GAS  /tmp/ccHqAEYS.s 			page 14


 425 000e FFF7FEFF 		bl	HAL_GetTick
 426              	.LVL34:
 427 0012 041C     		mov	r4, r0
 428              	.LVL35:
 321:Drivers/STM32L0xx_HAL_Driver/Src/stm32l0xx_hal_adc_ex.c ****   
 322:Drivers/STM32L0xx_HAL_Driver/Src/stm32l0xx_hal_adc_ex.c ****   while(HAL_IS_BIT_CLR(SYSCFG->CFGR3, SYSCFG_CFGR3_VREFINT_RDYF))
 429              		.loc 1 322 0
 430 0014 04E0     		b	.L33
 431              	.LVL36:
 432              	.L35:
 323:Drivers/STM32L0xx_HAL_Driver/Src/stm32l0xx_hal_adc_ex.c ****   {
 324:Drivers/STM32L0xx_HAL_Driver/Src/stm32l0xx_hal_adc_ex.c ****     if((HAL_GetTick() - tickstart) > SYSCFG_BUF_TEMPSENSOR_ENABLE_TIMEOUT)
 433              		.loc 1 324 0
 434 0016 FFF7FEFF 		bl	HAL_GetTick
 435              	.LVL37:
 436 001a 001B     		sub	r0, r0, r4
 437 001c 0128     		cmp	r0, #1
 438 001e 05D8     		bhi	.L36
 439              	.L33:
 322:Drivers/STM32L0xx_HAL_Driver/Src/stm32l0xx_hal_adc_ex.c ****   {
 440              		.loc 1 322 0
 441 0020 034B     		ldr	r3, .L37
 442 0022 1B6A     		ldr	r3, [r3, #32]
 443 0024 5B00     		lsl	r3, r3, #1
 444 0026 F6D5     		bpl	.L35
 325:Drivers/STM32L0xx_HAL_Driver/Src/stm32l0xx_hal_adc_ex.c ****     { 
 326:Drivers/STM32L0xx_HAL_Driver/Src/stm32l0xx_hal_adc_ex.c ****       return HAL_ERROR;
 327:Drivers/STM32L0xx_HAL_Driver/Src/stm32l0xx_hal_adc_ex.c ****     }
 328:Drivers/STM32L0xx_HAL_Driver/Src/stm32l0xx_hal_adc_ex.c ****   }
 329:Drivers/STM32L0xx_HAL_Driver/Src/stm32l0xx_hal_adc_ex.c ****   
 330:Drivers/STM32L0xx_HAL_Driver/Src/stm32l0xx_hal_adc_ex.c ****   return HAL_OK;
 445              		.loc 1 330 0
 446 0028 0020     		mov	r0, #0
 447 002a 00E0     		b	.L34
 448              	.L36:
 326:Drivers/STM32L0xx_HAL_Driver/Src/stm32l0xx_hal_adc_ex.c ****     }
 449              		.loc 1 326 0
 450 002c 0120     		mov	r0, #1
 451              	.L34:
 331:Drivers/STM32L0xx_HAL_Driver/Src/stm32l0xx_hal_adc_ex.c **** }
 452              		.loc 1 331 0
 453              		@ sp needed
 454              	.LVL38:
 455 002e 10BD     		pop	{r4, pc}
 456              	.L38:
 457              		.align	2
 458              	.L37:
 459 0030 00000140 		.word	1073807360
 460              		.cfi_endproc
 461              	.LFE41:
 463              		.section	.text.HAL_ADCEx_DisableVREFINTTempSensor,"ax",%progbits
 464              		.align	2
 465              		.global	HAL_ADCEx_DisableVREFINTTempSensor
 466              		.code	16
 467              		.thumb_func
 469              	HAL_ADCEx_DisableVREFINTTempSensor:
 470              	.LFB42:
ARM GAS  /tmp/ccHqAEYS.s 			page 15


 332:Drivers/STM32L0xx_HAL_Driver/Src/stm32l0xx_hal_adc_ex.c **** 
 333:Drivers/STM32L0xx_HAL_Driver/Src/stm32l0xx_hal_adc_ex.c **** /**
 334:Drivers/STM32L0xx_HAL_Driver/Src/stm32l0xx_hal_adc_ex.c ****   * @brief Disables the VREFINT and Sensor for the ADC.
 335:Drivers/STM32L0xx_HAL_Driver/Src/stm32l0xx_hal_adc_ex.c ****   * @note This is functional only if the LOCK is not set.
 336:Drivers/STM32L0xx_HAL_Driver/Src/stm32l0xx_hal_adc_ex.c ****   * @retval None
 337:Drivers/STM32L0xx_HAL_Driver/Src/stm32l0xx_hal_adc_ex.c ****   */
 338:Drivers/STM32L0xx_HAL_Driver/Src/stm32l0xx_hal_adc_ex.c **** void HAL_ADCEx_DisableVREFINTTempSensor(void)
 339:Drivers/STM32L0xx_HAL_Driver/Src/stm32l0xx_hal_adc_ex.c **** {
 471              		.loc 1 339 0
 472              		.cfi_startproc
 340:Drivers/STM32L0xx_HAL_Driver/Src/stm32l0xx_hal_adc_ex.c ****   /* Disable the Vrefint by resetting ENBUF_SENSOR_ADC bit in the CFGR3 register */
 341:Drivers/STM32L0xx_HAL_Driver/Src/stm32l0xx_hal_adc_ex.c ****   CLEAR_BIT(SYSCFG->CFGR3, SYSCFG_CFGR3_ENBUF_SENSOR_ADC);
 473              		.loc 1 341 0
 474 0000 024A     		ldr	r2, .L40
 475 0002 116A     		ldr	r1, [r2, #32]
 476 0004 024B     		ldr	r3, .L40+4
 477 0006 0B40     		and	r3, r1
 478 0008 1362     		str	r3, [r2, #32]
 342:Drivers/STM32L0xx_HAL_Driver/Src/stm32l0xx_hal_adc_ex.c **** }
 479              		.loc 1 342 0
 480              		@ sp needed
 481 000a 7047     		bx	lr
 482              	.L41:
 483              		.align	2
 484              	.L40:
 485 000c 00000140 		.word	1073807360
 486 0010 FFFDFFFF 		.word	-513
 487              		.cfi_endproc
 488              	.LFE42:
 490              		.text
 491              	.Letext0:
 492              		.file 2 "/usr/include/newlib/machine/_default_types.h"
 493              		.file 3 "/usr/include/newlib/sys/_stdint.h"
 494              		.file 4 "Drivers/CMSIS/Device/ST/STM32L0xx/Include/stm32l071xx.h"
 495              		.file 5 "Drivers/CMSIS/Device/ST/STM32L0xx/Include/stm32l0xx.h"
 496              		.file 6 "Drivers/STM32L0xx_HAL_Driver/Inc/stm32l0xx_hal_def.h"
 497              		.file 7 "Drivers/STM32L0xx_HAL_Driver/Inc/stm32l0xx_hal_dma.h"
 498              		.file 8 "Drivers/STM32L0xx_HAL_Driver/Inc/stm32l0xx_hal_adc.h"
 499              		.file 9 "Drivers/STM32L0xx_HAL_Driver/Inc/stm32l0xx_hal.h"
ARM GAS  /tmp/ccHqAEYS.s 			page 16


DEFINED SYMBOLS
                            *ABS*:0000000000000000 stm32l0xx_hal_adc_ex.c
     /tmp/ccHqAEYS.s:18     .text.HAL_ADCEx_Calibration_Start:0000000000000000 $t
     /tmp/ccHqAEYS.s:23     .text.HAL_ADCEx_Calibration_Start:0000000000000000 HAL_ADCEx_Calibration_Start
     /tmp/ccHqAEYS.s:174    .text.HAL_ADCEx_Calibration_Start:00000000000000b4 $d
     /tmp/ccHqAEYS.s:179    .text.HAL_ADCEx_Calibration_GetValue:0000000000000000 $t
     /tmp/ccHqAEYS.s:184    .text.HAL_ADCEx_Calibration_GetValue:0000000000000000 HAL_ADCEx_Calibration_GetValue
     /tmp/ccHqAEYS.s:203    .text.HAL_ADCEx_Calibration_SetValue:0000000000000000 $t
     /tmp/ccHqAEYS.s:208    .text.HAL_ADCEx_Calibration_SetValue:0000000000000000 HAL_ADCEx_Calibration_SetValue
     /tmp/ccHqAEYS.s:313    .text.HAL_ADCEx_EnableVREFINT:0000000000000000 $t
     /tmp/ccHqAEYS.s:318    .text.HAL_ADCEx_EnableVREFINT:0000000000000000 HAL_ADCEx_EnableVREFINT
     /tmp/ccHqAEYS.s:370    .text.HAL_ADCEx_EnableVREFINT:0000000000000030 $d
     /tmp/ccHqAEYS.s:375    .text.HAL_ADCEx_DisableVREFINT:0000000000000000 $t
     /tmp/ccHqAEYS.s:380    .text.HAL_ADCEx_DisableVREFINT:0000000000000000 HAL_ADCEx_DisableVREFINT
     /tmp/ccHqAEYS.s:396    .text.HAL_ADCEx_DisableVREFINT:000000000000000c $d
     /tmp/ccHqAEYS.s:402    .text.HAL_ADCEx_EnableVREFINTTempSensor:0000000000000000 $t
     /tmp/ccHqAEYS.s:407    .text.HAL_ADCEx_EnableVREFINTTempSensor:0000000000000000 HAL_ADCEx_EnableVREFINTTempSensor
     /tmp/ccHqAEYS.s:459    .text.HAL_ADCEx_EnableVREFINTTempSensor:0000000000000030 $d
     /tmp/ccHqAEYS.s:464    .text.HAL_ADCEx_DisableVREFINTTempSensor:0000000000000000 $t
     /tmp/ccHqAEYS.s:469    .text.HAL_ADCEx_DisableVREFINTTempSensor:0000000000000000 HAL_ADCEx_DisableVREFINTTempSensor
     /tmp/ccHqAEYS.s:485    .text.HAL_ADCEx_DisableVREFINTTempSensor:000000000000000c $d
                     .debug_frame:0000000000000010 $d

UNDEFINED SYMBOLS
HAL_GetTick
